2017-09-23 13:31:02,782 INFO [org.jasig.cas.util.AutowiringSchedulerFactoryBean] - Starting Quartz Scheduler now
2017-09-23 13:31:02,788 INFO [org.jasig.cas.CasEnvironmentContextListener] - [jetty/9.3.6.v20151106] has loaded the CAS application context
2017-09-23 13:31:03,552 WARN [org.jasig.cas.util.BinaryCipherExecutor] - Secret key for signing is not defined. CAS will attempt to auto-generate the signing key
2017-09-23 13:31:03,553 WARN [org.jasig.cas.util.BinaryCipherExecutor] - Generated signing key Q8TJQJ1LEBTdA-1caIkYjlRjQ__ABrOcLxvdft3U5NdZmWPOfajyC815m5Emk2MCt-9KXa5oRoPaDk1J_ruDkQ of size 512. The generated key MUST be added to CAS settings.
2017-09-23 13:31:03,553 WARN [org.jasig.cas.util.BinaryCipherExecutor] - No encryption key is defined. CAS will attempt to auto-generate keys
2017-09-23 13:31:03,554 WARN [org.jasig.cas.util.BinaryCipherExecutor] - Generated encryption key BuqmdTtiOpZfAQds of size 16. The generated key MUST be added to CAS settings.
2017-09-23 13:31:22,050 INFO [org.jasig.cas.ticket.registry.support.DefaultTicketRegistryCleaner] - Beginning ticket cleanup.
2017-09-23 13:31:22,054 INFO [org.jasig.cas.ticket.registry.support.DefaultTicketRegistryCleaner] - 0 expired tickets found to be removed.
2017-09-23 13:31:22,055 INFO [org.jasig.cas.ticket.registry.support.DefaultTicketRegistryCleaner] - Finished ticket cleanup.
2017-09-23 13:31:55,344 INFO [org.jasig.cas.web.flow.InitialFlowSetupAction] - Setting path for cookies for warn cookie generator to: /cas/ 
2017-09-23 13:31:55,344 INFO [org.jasig.cas.web.flow.InitialFlowSetupAction] - Setting path for cookies for warn cookie generator to: /cas/ 
2017-09-23 13:31:55,345 INFO [org.jasig.cas.web.flow.InitialFlowSetupAction] - Setting path for cookies for TGC cookie generator to: /cas/ 
2017-09-23 13:31:55,345 INFO [org.jasig.cas.web.flow.InitialFlowSetupAction] - Setting path for cookies for TGC cookie generator to: /cas/ 
2017-09-23 13:32:35,877 ERROR [org.jasig.cas.authentication.PolicyBasedAuthenticationManager] - SearchModeSearchDatabaseAuthenticationHandler: SQL exception while executing query for admin  (Details: Could not get JDBC Connection; nested exception is java.sql.SQLException: Connections could not be acquired from the underlying database!)
2017-09-23 13:32:35,882 INFO [org.jasig.inspektr.audit.support.Slf4jLoggingAuditTrailManager] - Audit trail record BEGIN
=============================================================
WHO: admin
WHAT: supplied credentials: [admin]
ACTION: AUTHENTICATION_FAILED
APPLICATION: CAS
WHEN: Sat Sep 23 13:32:35 CEST 2017
CLIENT IP ADDRESS: 127.0.0.1
SERVER IP ADDRESS: 127.0.1.1
=============================================================


2017-09-23 13:32:35,882 INFO [org.jasig.inspektr.audit.support.Slf4jLoggingAuditTrailManager] - Audit trail record BEGIN
=============================================================
WHO: admin
WHAT: supplied credentials: [admin]
ACTION: AUTHENTICATION_FAILED
APPLICATION: CAS
WHEN: Sat Sep 23 13:32:35 CEST 2017
CLIENT IP ADDRESS: 127.0.0.1
SERVER IP ADDRESS: 127.0.1.1
=============================================================


2017-09-23 13:32:35,882 INFO [org.jasig.inspektr.audit.support.Slf4jLoggingAuditTrailManager] - Audit trail record BEGIN
=============================================================
WHO: admin
WHAT: 1 errors, 0 successes
ACTION: TICKET_GRANTING_TICKET_NOT_CREATED
APPLICATION: CAS
WHEN: Sat Sep 23 13:32:35 CEST 2017
CLIENT IP ADDRESS: 127.0.0.1
SERVER IP ADDRESS: 127.0.1.1
=============================================================


2017-09-23 13:32:35,882 INFO [org.jasig.inspektr.audit.support.Slf4jLoggingAuditTrailManager] - Audit trail record BEGIN
=============================================================
WHO: admin
WHAT: 1 errors, 0 successes
ACTION: TICKET_GRANTING_TICKET_NOT_CREATED
APPLICATION: CAS
WHEN: Sat Sep 23 13:32:35 CEST 2017
CLIENT IP ADDRESS: 127.0.0.1
SERVER IP ADDRESS: 127.0.1.1
=============================================================


2017-09-23 13:33:01,146 INFO [org.jasig.cas.services.DefaultServicesManagerImpl] - Reloading registered services.
2017-09-23 13:33:01,147 INFO [org.jasig.cas.services.DefaultServicesManagerImpl] - Loaded 2 services.
2017-09-23 13:33:35,406 ERROR [org.jasig.cas.authentication.PolicyBasedAuthenticationManager] - SearchModeSearchDatabaseAuthenticationHandler: SQL exception while executing query for admin  (Details: Could not get JDBC Connection; nested exception is java.sql.SQLException: Connections could not be acquired from the underlying database!)
2017-09-23 13:33:35,406 ERROR [org.jasig.cas.authentication.PolicyBasedAuthenticationManager] - SearchModeSearchDatabaseAuthenticationHandler: SQL exception while executing query for admin  (Details: Could not get JDBC Connection; nested exception is java.sql.SQLException: Connections could not be acquired from the underlying database!)
2017-09-23 13:33:35,407 INFO [org.jasig.inspektr.audit.support.Slf4jLoggingAuditTrailManager] - Audit trail record BEGIN
=============================================================
WHO: admin
WHAT: supplied credentials: [admin]
ACTION: AUTHENTICATION_FAILED
APPLICATION: CAS
WHEN: Sat Sep 23 13:33:35 CEST 2017
CLIENT IP ADDRESS: 127.0.0.1
SERVER IP ADDRESS: 127.0.1.1
=============================================================


2017-09-23 13:33:35,407 INFO [org.jasig.inspektr.audit.support.Slf4jLoggingAuditTrailManager] - Audit trail record BEGIN
=============================================================
WHO: admin
WHAT: supplied credentials: [admin]
ACTION: AUTHENTICATION_FAILED
APPLICATION: CAS
WHEN: Sat Sep 23 13:33:35 CEST 2017
CLIENT IP ADDRESS: 127.0.0.1
SERVER IP ADDRESS: 127.0.1.1
=============================================================


2017-09-23 13:33:35,407 INFO [org.jasig.inspektr.audit.support.Slf4jLoggingAuditTrailManager] - Audit trail record BEGIN
=============================================================
WHO: admin
WHAT: supplied credentials: [admin]
ACTION: AUTHENTICATION_FAILED
APPLICATION: CAS
WHEN: Sat Sep 23 13:33:35 CEST 2017
CLIENT IP ADDRESS: 127.0.0.1
SERVER IP ADDRESS: 127.0.1.1
=============================================================


2017-09-23 13:33:35,407 INFO [org.jasig.inspektr.audit.support.Slf4jLoggingAuditTrailManager] - Audit trail record BEGIN
=============================================================
WHO: admin
WHAT: supplied credentials: [admin]
ACTION: AUTHENTICATION_FAILED
APPLICATION: CAS
WHEN: Sat Sep 23 13:33:35 CEST 2017
CLIENT IP ADDRESS: 127.0.0.1
SERVER IP ADDRESS: 127.0.1.1
=============================================================


2017-09-23 13:33:35,407 INFO [org.jasig.inspektr.audit.support.Slf4jLoggingAuditTrailManager] - Audit trail record BEGIN
=============================================================
WHO: admin
WHAT: 1 errors, 0 successes
ACTION: TICKET_GRANTING_TICKET_NOT_CREATED
APPLICATION: CAS
WHEN: Sat Sep 23 13:33:35 CEST 2017
CLIENT IP ADDRESS: 127.0.0.1
SERVER IP ADDRESS: 127.0.1.1
=============================================================


2017-09-23 13:33:35,407 INFO [org.jasig.inspektr.audit.support.Slf4jLoggingAuditTrailManager] - Audit trail record BEGIN
=============================================================
WHO: admin
WHAT: 1 errors, 0 successes
ACTION: TICKET_GRANTING_TICKET_NOT_CREATED
APPLICATION: CAS
WHEN: Sat Sep 23 13:33:35 CEST 2017
CLIENT IP ADDRESS: 127.0.0.1
SERVER IP ADDRESS: 127.0.1.1
=============================================================


2017-09-23 13:33:35,407 INFO [org.jasig.inspektr.audit.support.Slf4jLoggingAuditTrailManager] - Audit trail record BEGIN
=============================================================
WHO: admin
WHAT: 1 errors, 0 successes
ACTION: TICKET_GRANTING_TICKET_NOT_CREATED
APPLICATION: CAS
WHEN: Sat Sep 23 13:33:35 CEST 2017
CLIENT IP ADDRESS: 127.0.0.1
SERVER IP ADDRESS: 127.0.1.1
=============================================================


2017-09-23 13:33:35,407 INFO [org.jasig.inspektr.audit.support.Slf4jLoggingAuditTrailManager] - Audit trail record BEGIN
=============================================================
WHO: admin
WHAT: 1 errors, 0 successes
ACTION: TICKET_GRANTING_TICKET_NOT_CREATED
APPLICATION: CAS
WHEN: Sat Sep 23 13:33:35 CEST 2017
CLIENT IP ADDRESS: 127.0.0.1
SERVER IP ADDRESS: 127.0.1.1
=============================================================


2017-09-23 13:35:01,147 INFO [org.jasig.cas.services.DefaultServicesManagerImpl] - Reloading registered services.
2017-09-23 13:35:01,150 INFO [org.jasig.cas.services.DefaultServicesManagerImpl] - Loaded 2 services.
2017-09-23 13:37:01,146 INFO [org.jasig.cas.services.DefaultServicesManagerImpl] - Reloading registered services.
2017-09-23 13:37:01,147 INFO [org.jasig.cas.services.DefaultServicesManagerImpl] - Loaded 2 services.
2017-09-23 13:39:01,146 INFO [org.jasig.cas.services.DefaultServicesManagerImpl] - Reloading registered services.
2017-09-23 13:39:01,147 INFO [org.jasig.cas.services.DefaultServicesManagerImpl] - Loaded 2 services.
2017-09-23 13:41:01,145 INFO [org.jasig.cas.services.DefaultServicesManagerImpl] - Reloading registered services.
2017-09-23 13:41:01,146 INFO [org.jasig.cas.services.DefaultServicesManagerImpl] - Loaded 2 services.
2017-09-23 13:43:01,145 INFO [org.jasig.cas.services.DefaultServicesManagerImpl] - Reloading registered services.
2017-09-23 13:43:01,146 INFO [org.jasig.cas.services.DefaultServicesManagerImpl] - Loaded 2 services.
2017-09-23 13:45:01,145 INFO [org.jasig.cas.services.DefaultServicesManagerImpl] - Reloading registered services.
2017-09-23 13:45:01,150 INFO [org.jasig.cas.services.DefaultServicesManagerImpl] - Loaded 2 services.
2017-09-23 13:47:01,146 INFO [org.jasig.cas.services.DefaultServicesManagerImpl] - Reloading registered services.
2017-09-23 13:47:01,147 INFO [org.jasig.cas.services.DefaultServicesManagerImpl] - Loaded 2 services.
2017-09-23 13:49:01,146 INFO [org.jasig.cas.services.DefaultServicesManagerImpl] - Reloading registered services.
2017-09-23 13:49:01,146 INFO [org.jasig.cas.services.DefaultServicesManagerImpl] - Loaded 2 services.
2017-09-23 13:51:01,145 INFO [org.jasig.cas.services.DefaultServicesManagerImpl] - Reloading registered services.
2017-09-23 13:51:01,146 INFO [org.jasig.cas.services.DefaultServicesManagerImpl] - Loaded 2 services.
2017-09-23 13:53:01,146 INFO [org.jasig.cas.services.DefaultServicesManagerImpl] - Reloading registered services.
2017-09-23 13:53:01,147 INFO [org.jasig.cas.services.DefaultServicesManagerImpl] - Loaded 2 services.
2017-09-23 13:53:23,254 INFO [org.jasig.cas.util.AutowiringSchedulerFactoryBean] - Shutting down Quartz Scheduler
2017-09-23 13:53:23,742 WARN [org.jasig.cas.services.JsonServiceRegistryConfigWatcher] - Directory key is no longer valid. Quitting watcher service
