2017-09-23 13:16:05,264 INFO [org.jasig.cas.util.AutowiringSchedulerFactoryBean] - Starting Quartz Scheduler now
2017-09-23 13:16:05,267 INFO [org.jasig.cas.CasEnvironmentContextListener] - [jetty/9.3.6.v20151106] has loaded the CAS application context
2017-09-23 13:16:06,150 WARN [org.jasig.cas.util.BinaryCipherExecutor] - Secret key for signing is not defined. CAS will attempt to auto-generate the signing key
2017-09-23 13:16:06,151 WARN [org.jasig.cas.util.BinaryCipherExecutor] - Generated signing key 77qcRVLlV4eoWhrtkLL0k598Zd3VS7lkaQ4i2zeDI-Fp8HTjP-4HhMwPFmvB5w8x3NAnBNj5HkgddGcLlOLXuw of size 512. The generated key MUST be added to CAS settings.
2017-09-23 13:16:06,152 WARN [org.jasig.cas.util.BinaryCipherExecutor] - No encryption key is defined. CAS will attempt to auto-generate keys
2017-09-23 13:16:06,152 WARN [org.jasig.cas.util.BinaryCipherExecutor] - Generated encryption key tpDSbmvtItZuDSQk of size 16. The generated key MUST be added to CAS settings.
2017-09-23 13:16:24,440 INFO [org.jasig.cas.ticket.registry.support.DefaultTicketRegistryCleaner] - Beginning ticket cleanup.
2017-09-23 13:16:24,460 INFO [org.jasig.cas.ticket.registry.support.DefaultTicketRegistryCleaner] - 0 expired tickets found to be removed.
2017-09-23 13:16:24,460 INFO [org.jasig.cas.ticket.registry.support.DefaultTicketRegistryCleaner] - Finished ticket cleanup.
2017-09-23 13:18:03,434 INFO [org.jasig.cas.services.DefaultServicesManagerImpl] - Reloading registered services.
2017-09-23 13:18:03,436 INFO [org.jasig.cas.services.DefaultServicesManagerImpl] - Loaded 2 services.
2017-09-23 13:19:25,689 INFO [org.jasig.cas.web.flow.InitialFlowSetupAction] - Setting path for cookies for warn cookie generator to: /cas/ 
2017-09-23 13:19:25,689 INFO [org.jasig.cas.web.flow.InitialFlowSetupAction] - Setting path for cookies for warn cookie generator to: /cas/ 
2017-09-23 13:19:25,689 INFO [org.jasig.cas.web.flow.InitialFlowSetupAction] - Setting path for cookies for TGC cookie generator to: /cas/ 
2017-09-23 13:19:25,689 INFO [org.jasig.cas.web.flow.InitialFlowSetupAction] - Setting path for cookies for TGC cookie generator to: /cas/ 
2017-09-23 13:20:03,435 INFO [org.jasig.cas.services.DefaultServicesManagerImpl] - Reloading registered services.
2017-09-23 13:20:03,437 INFO [org.jasig.cas.services.DefaultServicesManagerImpl] - Loaded 2 services.
2017-09-23 13:20:06,925 ERROR [org.jasig.cas.authentication.PolicyBasedAuthenticationManager] - SearchModeSearchDatabaseAuthenticationHandler: SQL exception while executing query for admin  (Details: Could not get JDBC Connection; nested exception is java.sql.SQLException: Connections could not be acquired from the underlying database!)
2017-09-23 13:20:06,930 INFO [org.jasig.inspektr.audit.support.Slf4jLoggingAuditTrailManager] - Audit trail record BEGIN
=============================================================
WHO: admin
WHAT: supplied credentials: [admin]
ACTION: AUTHENTICATION_FAILED
APPLICATION: CAS
WHEN: Sat Sep 23 13:20:06 CEST 2017
CLIENT IP ADDRESS: 127.0.0.1
SERVER IP ADDRESS: 127.0.1.1
=============================================================


2017-09-23 13:20:06,930 INFO [org.jasig.inspektr.audit.support.Slf4jLoggingAuditTrailManager] - Audit trail record BEGIN
=============================================================
WHO: admin
WHAT: supplied credentials: [admin]
ACTION: AUTHENTICATION_FAILED
APPLICATION: CAS
WHEN: Sat Sep 23 13:20:06 CEST 2017
CLIENT IP ADDRESS: 127.0.0.1
SERVER IP ADDRESS: 127.0.1.1
=============================================================


2017-09-23 13:20:06,931 INFO [org.jasig.inspektr.audit.support.Slf4jLoggingAuditTrailManager] - Audit trail record BEGIN
=============================================================
WHO: admin
WHAT: 1 errors, 0 successes
ACTION: TICKET_GRANTING_TICKET_NOT_CREATED
APPLICATION: CAS
WHEN: Sat Sep 23 13:20:06 CEST 2017
CLIENT IP ADDRESS: 127.0.0.1
SERVER IP ADDRESS: 127.0.1.1
=============================================================


2017-09-23 13:20:06,931 INFO [org.jasig.inspektr.audit.support.Slf4jLoggingAuditTrailManager] - Audit trail record BEGIN
=============================================================
WHO: admin
WHAT: 1 errors, 0 successes
ACTION: TICKET_GRANTING_TICKET_NOT_CREATED
APPLICATION: CAS
WHEN: Sat Sep 23 13:20:06 CEST 2017
CLIENT IP ADDRESS: 127.0.0.1
SERVER IP ADDRESS: 127.0.1.1
=============================================================


2017-09-23 13:22:03,435 INFO [org.jasig.cas.services.DefaultServicesManagerImpl] - Reloading registered services.
2017-09-23 13:22:03,436 INFO [org.jasig.cas.services.DefaultServicesManagerImpl] - Loaded 2 services.
2017-09-23 13:24:03,435 INFO [org.jasig.cas.services.DefaultServicesManagerImpl] - Reloading registered services.
2017-09-23 13:24:03,437 INFO [org.jasig.cas.services.DefaultServicesManagerImpl] - Loaded 2 services.
2017-09-23 13:24:54,192 INFO [org.jasig.cas.util.AutowiringSchedulerFactoryBean] - Shutting down Quartz Scheduler
2017-09-23 13:24:54,685 WARN [org.jasig.cas.services.JsonServiceRegistryConfigWatcher] - Directory key is no longer valid. Quitting watcher service
