2017-09-23 13:56:47,471 INFO [org.jasig.cas.util.AutowiringSchedulerFactoryBean] - Starting Quartz Scheduler now
2017-09-23 13:56:47,477 INFO [org.jasig.cas.CasEnvironmentContextListener] - [jetty/9.3.6.v20151106] has loaded the CAS application context
2017-09-23 13:56:48,308 WARN [org.jasig.cas.util.BinaryCipherExecutor] - Secret key for signing is not defined. CAS will attempt to auto-generate the signing key
2017-09-23 13:56:48,311 WARN [org.jasig.cas.util.BinaryCipherExecutor] - Generated signing key pUDE-NyfgMau98ZwKsKuuTO4MJT-g7tafa0m4HcV5s0S2DIRbm850yYey2dupZitzddFRkUEW1TGVSpNx7RNmg of size 512. The generated key MUST be added to CAS settings.
2017-09-23 13:56:48,311 WARN [org.jasig.cas.util.BinaryCipherExecutor] - No encryption key is defined. CAS will attempt to auto-generate keys
2017-09-23 13:56:48,312 WARN [org.jasig.cas.util.BinaryCipherExecutor] - Generated encryption key EeBApYiyecPbYQmO of size 16. The generated key MUST be added to CAS settings.
2017-09-23 13:57:06,718 INFO [org.jasig.cas.ticket.registry.support.DefaultTicketRegistryCleaner] - Beginning ticket cleanup.
2017-09-23 13:57:06,725 INFO [org.jasig.cas.ticket.registry.support.DefaultTicketRegistryCleaner] - 0 expired tickets found to be removed.
2017-09-23 13:57:06,726 INFO [org.jasig.cas.ticket.registry.support.DefaultTicketRegistryCleaner] - Finished ticket cleanup.
2017-09-23 13:57:14,454 ERROR [org.jasig.cas.util.BinaryCipherExecutor] - Unable to correctly extract the Initialization Vector or ciphertext.
org.apache.shiro.crypto.CryptoException: Unable to correctly extract the Initialization Vector or ciphertext.
	at org.apache.shiro.crypto.JcaCipherService.decrypt(JcaCipherService.java:378)
	at org.jasig.cas.util.BinaryCipherExecutor.decode(BinaryCipherExecutor.java:120)
	at org.jasig.cas.util.BinaryCipherExecutor.decode(BinaryCipherExecutor.java:42)
	at org.jasig.cas.web.flow.CasWebflowCipherBean.decrypt(CasWebflowCipherBean.java:58)
	at org.jasig.spring.webflow.plugin.EncryptedTranscoder.decode(EncryptedTranscoder.java:105)
	at org.jasig.spring.webflow.plugin.ClientFlowExecutionRepository.getFlowExecution(ClientFlowExecutionRepository.java:90)
	at org.springframework.webflow.executor.FlowExecutorImpl.resumeExecution(FlowExecutorImpl.java:168)
	at org.springframework.webflow.mvc.servlet.FlowHandlerAdapter.handle(FlowHandlerAdapter.java:228)
	at org.springframework.web.servlet.DispatcherServlet.doDispatch(DispatcherServlet.java:959)
	at org.springframework.web.servlet.DispatcherServlet.doService(DispatcherServlet.java:893)
	at org.springframework.web.servlet.FrameworkServlet.processRequest(FrameworkServlet.java:967)
	at org.springframework.web.servlet.FrameworkServlet.doPost(FrameworkServlet.java:869)
	at javax.servlet.http.HttpServlet.service(HttpServlet.java:707)
	at org.springframework.web.servlet.FrameworkServlet.service(FrameworkServlet.java:843)
	at javax.servlet.http.HttpServlet.service(HttpServlet.java:790)
	at org.eclipse.jetty.servlet.ServletHolder.handle(ServletHolder.java:821)
	at org.eclipse.jetty.servlet.ServletHandler$CachedChain.doFilter(ServletHandler.java:1685)
	at org.jasig.cas.security.RequestParameterPolicyEnforcementFilter.doFilter(RequestParameterPolicyEnforcementFilter.java:250)
	at org.springframework.web.filter.DelegatingFilterProxy.invokeDelegate(DelegatingFilterProxy.java:344)
	at org.springframework.web.filter.DelegatingFilterProxy.doFilter(DelegatingFilterProxy.java:261)
	at org.eclipse.jetty.servlet.ServletHandler$CachedChain.doFilter(ServletHandler.java:1668)
	at org.jasig.inspektr.common.web.ClientInfoThreadLocalFilter.doFilter(ClientInfoThreadLocalFilter.java:62)
	at org.eclipse.jetty.servlet.ServletHandler$CachedChain.doFilter(ServletHandler.java:1668)
	at org.springframework.web.filter.CharacterEncodingFilter.doFilterInternal(CharacterEncodingFilter.java:85)
	at org.springframework.web.filter.OncePerRequestFilter.doFilter(OncePerRequestFilter.java:107)
	at org.springframework.web.filter.DelegatingFilterProxy.invokeDelegate(DelegatingFilterProxy.java:344)
	at org.springframework.web.filter.DelegatingFilterProxy.doFilter(DelegatingFilterProxy.java:261)
	at org.eclipse.jetty.servlet.ServletHandler$CachedChain.doFilter(ServletHandler.java:1668)
	at org.eclipse.jetty.servlet.ServletHandler.doHandle(ServletHandler.java:581)
	at org.eclipse.jetty.server.handler.ScopedHandler.handle(ScopedHandler.java:143)
	at org.eclipse.jetty.security.SecurityHandler.handle(SecurityHandler.java:548)
	at org.eclipse.jetty.server.session.SessionHandler.doHandle(SessionHandler.java:226)
	at org.eclipse.jetty.server.handler.ContextHandler.doHandle(ContextHandler.java:1158)
	at org.eclipse.jetty.servlet.ServletHandler.doScope(ServletHandler.java:511)
	at org.eclipse.jetty.server.session.SessionHandler.doScope(SessionHandler.java:185)
	at org.eclipse.jetty.server.handler.ContextHandler.doScope(ContextHandler.java:1090)
	at org.eclipse.jetty.server.handler.ScopedHandler.handle(ScopedHandler.java:141)
	at org.eclipse.jetty.server.handler.ContextHandlerCollection.handle(ContextHandlerCollection.java:213)
	at org.eclipse.jetty.server.handler.HandlerCollection.handle(HandlerCollection.java:109)
	at org.eclipse.jetty.server.handler.HandlerWrapper.handle(HandlerWrapper.java:119)
	at org.eclipse.jetty.server.Server.handle(Server.java:517)
	at org.eclipse.jetty.server.HttpChannel.handle(HttpChannel.java:308)
	at org.eclipse.jetty.server.HttpConnection.onFillable(HttpConnection.java:242)
	at org.eclipse.jetty.io.AbstractConnection$ReadCallback.succeeded(AbstractConnection.java:261)
	at org.eclipse.jetty.io.FillInterest.fillable(FillInterest.java:95)
	at org.eclipse.jetty.io.ssl.SslConnection.onFillable(SslConnection.java:192)
	at org.eclipse.jetty.io.AbstractConnection$ReadCallback.succeeded(AbstractConnection.java:261)
	at org.eclipse.jetty.io.FillInterest.fillable(FillInterest.java:95)
	at org.eclipse.jetty.io.SelectChannelEndPoint$2.run(SelectChannelEndPoint.java:75)
	at org.eclipse.jetty.util.thread.strategy.ExecuteProduceConsume.produceAndRun(ExecuteProduceConsume.java:213)
	at org.eclipse.jetty.util.thread.strategy.ExecuteProduceConsume.run(ExecuteProduceConsume.java:147)
	at org.eclipse.jetty.util.thread.QueuedThreadPool.runJob(QueuedThreadPool.java:654)
	at org.eclipse.jetty.util.thread.QueuedThreadPool$3.run(QueuedThreadPool.java:572)
	at java.lang.Thread.run(Thread.java:748)
Caused by: java.lang.NullPointerException
	at java.lang.System.arraycopy(Native Method)
	at org.apache.shiro.crypto.JcaCipherService.decrypt(JcaCipherService.java:370)
	... 53 more

2017-09-23 13:57:14,542 INFO [org.jasig.cas.web.flow.InitialFlowSetupAction] - Setting path for cookies for warn cookie generator to: /cas/ 
2017-09-23 13:57:14,542 INFO [org.jasig.cas.web.flow.InitialFlowSetupAction] - Setting path for cookies for warn cookie generator to: /cas/ 
2017-09-23 13:57:14,543 INFO [org.jasig.cas.web.flow.InitialFlowSetupAction] - Setting path for cookies for TGC cookie generator to: /cas/ 
2017-09-23 13:57:14,543 INFO [org.jasig.cas.web.flow.InitialFlowSetupAction] - Setting path for cookies for TGC cookie generator to: /cas/ 
2017-09-23 13:57:47,641 ERROR [org.jasig.cas.authentication.PolicyBasedAuthenticationManager] - SearchModeSearchDatabaseAuthenticationHandler: SQL exception while executing query for admin  (Details: Could not get JDBC Connection; nested exception is java.sql.SQLException: Connections could not be acquired from the underlying database!)
2017-09-23 13:57:47,645 INFO [org.jasig.inspektr.audit.support.Slf4jLoggingAuditTrailManager] - Audit trail record BEGIN
=============================================================
WHO: admin
WHAT: supplied credentials: [admin]
ACTION: AUTHENTICATION_FAILED
APPLICATION: CAS
WHEN: Sat Sep 23 13:57:47 CEST 2017
CLIENT IP ADDRESS: 127.0.0.1
SERVER IP ADDRESS: 127.0.1.1
=============================================================


2017-09-23 13:57:47,645 INFO [org.jasig.inspektr.audit.support.Slf4jLoggingAuditTrailManager] - Audit trail record BEGIN
=============================================================
WHO: admin
WHAT: supplied credentials: [admin]
ACTION: AUTHENTICATION_FAILED
APPLICATION: CAS
WHEN: Sat Sep 23 13:57:47 CEST 2017
CLIENT IP ADDRESS: 127.0.0.1
SERVER IP ADDRESS: 127.0.1.1
=============================================================


2017-09-23 13:57:47,646 INFO [org.jasig.inspektr.audit.support.Slf4jLoggingAuditTrailManager] - Audit trail record BEGIN
=============================================================
WHO: admin
WHAT: 1 errors, 0 successes
ACTION: TICKET_GRANTING_TICKET_NOT_CREATED
APPLICATION: CAS
WHEN: Sat Sep 23 13:57:47 CEST 2017
CLIENT IP ADDRESS: 127.0.0.1
SERVER IP ADDRESS: 127.0.1.1
=============================================================


2017-09-23 13:57:47,646 INFO [org.jasig.inspektr.audit.support.Slf4jLoggingAuditTrailManager] - Audit trail record BEGIN
=============================================================
WHO: admin
WHAT: 1 errors, 0 successes
ACTION: TICKET_GRANTING_TICKET_NOT_CREATED
APPLICATION: CAS
WHEN: Sat Sep 23 13:57:47 CEST 2017
CLIENT IP ADDRESS: 127.0.0.1
SERVER IP ADDRESS: 127.0.1.1
=============================================================


2017-09-23 13:58:11,569 INFO [org.jasig.cas.util.AutowiringSchedulerFactoryBean] - Shutting down Quartz Scheduler
