2017-09-23 11:08:27,312 INFO [org.jasig.cas.util.AutowiringSchedulerFactoryBean] - Starting Quartz Scheduler now
2017-09-23 11:08:27,325 INFO [org.jasig.cas.CasEnvironmentContextListener] - [jetty/9.3.6.v20151106] has loaded the CAS application context
2017-09-23 11:08:28,301 WARN [org.jasig.cas.util.BinaryCipherExecutor] - Secret key for signing is not defined. CAS will attempt to auto-generate the signing key
2017-09-23 11:08:28,302 WARN [org.jasig.cas.util.BinaryCipherExecutor] - Generated signing key -TOeO9oL27CTFI9h0YVvIEwKn3XS1vO0KszNV4aR5txFLnWEJyi_9voLwItDrFmHvLI9nM08E3XGW2ivxu3bcw of size 512. The generated key MUST be added to CAS settings.
2017-09-23 11:08:28,302 WARN [org.jasig.cas.util.BinaryCipherExecutor] - No encryption key is defined. CAS will attempt to auto-generate keys
2017-09-23 11:08:28,302 WARN [org.jasig.cas.util.BinaryCipherExecutor] - Generated encryption key uVmiVYDcmmFhlOOA of size 16. The generated key MUST be added to CAS settings.
2017-09-23 11:08:46,488 INFO [org.jasig.cas.ticket.registry.support.DefaultTicketRegistryCleaner] - Beginning ticket cleanup.
2017-09-23 11:08:46,508 INFO [org.jasig.cas.ticket.registry.support.DefaultTicketRegistryCleaner] - 0 expired tickets found to be removed.
2017-09-23 11:08:46,509 INFO [org.jasig.cas.ticket.registry.support.DefaultTicketRegistryCleaner] - Finished ticket cleanup.
2017-09-23 11:10:25,343 INFO [org.jasig.cas.services.DefaultServicesManagerImpl] - Reloading registered services.
2017-09-23 11:10:25,350 INFO [org.jasig.cas.services.DefaultServicesManagerImpl] - Loaded 2 services.
2017-09-23 11:11:18,137 INFO [org.jasig.cas.web.flow.InitialFlowSetupAction] - Setting path for cookies for warn cookie generator to: /cas/ 
2017-09-23 11:11:18,137 INFO [org.jasig.cas.web.flow.InitialFlowSetupAction] - Setting path for cookies for warn cookie generator to: /cas/ 
2017-09-23 11:11:18,138 INFO [org.jasig.cas.web.flow.InitialFlowSetupAction] - Setting path for cookies for TGC cookie generator to: /cas/ 
2017-09-23 11:11:18,138 INFO [org.jasig.cas.web.flow.InitialFlowSetupAction] - Setting path for cookies for TGC cookie generator to: /cas/ 
2017-09-23 11:12:22,660 ERROR [org.jasig.cas.authentication.PolicyBasedAuthenticationManager] - SearchModeSearchDatabaseAuthenticationHandler: SQL exception while executing query for admin  (Details: Could not get JDBC Connection; nested exception is java.sql.SQLException: Connections could not be acquired from the underlying database!)
2017-09-23 11:12:22,663 INFO [org.jasig.inspektr.audit.support.Slf4jLoggingAuditTrailManager] - Audit trail record BEGIN
=============================================================
WHO: admin
WHAT: supplied credentials: [admin]
ACTION: AUTHENTICATION_FAILED
APPLICATION: CAS
WHEN: Sat Sep 23 11:12:22 CEST 2017
CLIENT IP ADDRESS: 127.0.0.1
SERVER IP ADDRESS: 127.0.1.1
=============================================================


2017-09-23 11:12:22,663 INFO [org.jasig.inspektr.audit.support.Slf4jLoggingAuditTrailManager] - Audit trail record BEGIN
=============================================================
WHO: admin
WHAT: supplied credentials: [admin]
ACTION: AUTHENTICATION_FAILED
APPLICATION: CAS
WHEN: Sat Sep 23 11:12:22 CEST 2017
CLIENT IP ADDRESS: 127.0.0.1
SERVER IP ADDRESS: 127.0.1.1
=============================================================


2017-09-23 11:12:22,673 INFO [org.jasig.inspektr.audit.support.Slf4jLoggingAuditTrailManager] - Audit trail record BEGIN
=============================================================
WHO: admin
WHAT: 1 errors, 0 successes
ACTION: TICKET_GRANTING_TICKET_NOT_CREATED
APPLICATION: CAS
WHEN: Sat Sep 23 11:12:22 CEST 2017
CLIENT IP ADDRESS: 127.0.0.1
SERVER IP ADDRESS: 127.0.1.1
=============================================================


2017-09-23 11:12:22,673 INFO [org.jasig.inspektr.audit.support.Slf4jLoggingAuditTrailManager] - Audit trail record BEGIN
=============================================================
WHO: admin
WHAT: 1 errors, 0 successes
ACTION: TICKET_GRANTING_TICKET_NOT_CREATED
APPLICATION: CAS
WHEN: Sat Sep 23 11:12:22 CEST 2017
CLIENT IP ADDRESS: 127.0.0.1
SERVER IP ADDRESS: 127.0.1.1
=============================================================


2017-09-23 11:12:25,343 INFO [org.jasig.cas.services.DefaultServicesManagerImpl] - Reloading registered services.
2017-09-23 11:12:25,344 INFO [org.jasig.cas.services.DefaultServicesManagerImpl] - Loaded 2 services.
2017-09-23 11:14:20,768 INFO [org.jasig.cas.util.AutowiringSchedulerFactoryBean] - Shutting down Quartz Scheduler
