type=GAUGE, name=jvm.fd.usage, value=0.071533203125
type=GAUGE, name=jvm.gc.PS-MarkSweep.count, value=2
type=GAUGE, name=jvm.gc.PS-MarkSweep.time, value=92
type=GAUGE, name=jvm.gc.PS-Scavenge.count, value=8
type=GAUGE, name=jvm.gc.PS-Scavenge.time, value=88
type=GAUGE, name=jvm.memory.heap.committed, value=421527552
type=GAUGE, name=jvm.memory.heap.init, value=132120576
type=GAUGE, name=jvm.memory.heap.max, value=1866465280
type=GAUGE, name=jvm.memory.heap.usage, value=0.14435718836409323
type=GAUGE, name=jvm.memory.heap.used, value=269437680
type=GAUGE, name=jvm.memory.non-heap.committed, value=67043328
type=GAUGE, name=jvm.memory.non-heap.init, value=2555904
type=GAUGE, name=jvm.memory.non-heap.max, value=-1
type=GAUGE, name=jvm.memory.non-heap.usage, value=-6.5429792E7
type=GAUGE, name=jvm.memory.non-heap.used, value=65429856
type=GAUGE, name=jvm.memory.pools.Code-Cache.committed, value=16187392
type=GAUGE, name=jvm.memory.pools.Code-Cache.init, value=2555904
type=GAUGE, name=jvm.memory.pools.Code-Cache.max, value=251658240
type=GAUGE, name=jvm.memory.pools.Code-Cache.usage, value=0.06270523071289062
type=GAUGE, name=jvm.memory.pools.Code-Cache.used, value=15780288
type=GAUGE, name=jvm.memory.pools.Compressed-Class-Space.committed, value=5636096
type=GAUGE, name=jvm.memory.pools.Compressed-Class-Space.init, value=0
type=GAUGE, name=jvm.memory.pools.Compressed-Class-Space.max, value=1073741824
type=GAUGE, name=jvm.memory.pools.Compressed-Class-Space.usage, value=0.005015954375267029
type=GAUGE, name=jvm.memory.pools.Compressed-Class-Space.used, value=5385840
type=GAUGE, name=jvm.memory.pools.Metaspace.committed, value=45219840
type=GAUGE, name=jvm.memory.pools.Metaspace.init, value=0
type=GAUGE, name=jvm.memory.pools.Metaspace.max, value=-1
type=GAUGE, name=jvm.memory.pools.Metaspace.usage, value=0.9788641445878623
type=GAUGE, name=jvm.memory.pools.Metaspace.used, value=44264080
type=GAUGE, name=jvm.memory.pools.PS-Eden-Space.committed, value=310378496
type=GAUGE, name=jvm.memory.pools.PS-Eden-Space.init, value=33554432
type=GAUGE, name=jvm.memory.pools.PS-Eden-Space.max, value=669515776
type=GAUGE, name=jvm.memory.pools.PS-Eden-Space.usage, value=0.35106218617319035
type=GAUGE, name=jvm.memory.pools.PS-Eden-Space.used, value=235041672
type=GAUGE, name=jvm.memory.pools.PS-Old-Gen.committed, value=99614720
type=GAUGE, name=jvm.memory.pools.PS-Old-Gen.init, value=88080384
type=GAUGE, name=jvm.memory.pools.PS-Old-Gen.max, value=1399848960
type=GAUGE, name=jvm.memory.pools.PS-Old-Gen.usage, value=0.01662653662292252
type=GAUGE, name=jvm.memory.pools.PS-Old-Gen.used, value=23274640
type=GAUGE, name=jvm.memory.pools.PS-Survivor-Space.committed, value=11534336
type=GAUGE, name=jvm.memory.pools.PS-Survivor-Space.init, value=5242880
type=GAUGE, name=jvm.memory.pools.PS-Survivor-Space.max, value=11534336
type=GAUGE, name=jvm.memory.pools.PS-Survivor-Space.usage, value=0.9641966386274858
type=GAUGE, name=jvm.memory.pools.PS-Survivor-Space.used, value=11121368
type=GAUGE, name=jvm.memory.total.committed, value=488570880
type=GAUGE, name=jvm.memory.total.init, value=134676480
type=GAUGE, name=jvm.memory.total.max, value=1866465279
type=GAUGE, name=jvm.memory.total.used, value=334868144
type=GAUGE, name=jvm.thread-states.blocked.count, value=0
type=GAUGE, name=jvm.thread-states.count, value=30
type=GAUGE, name=jvm.thread-states.daemon.count, value=6
type=GAUGE, name=jvm.thread-states.deadlock.count, value=0
type=GAUGE, name=jvm.thread-states.deadlocks, value=[]
type=GAUGE, name=jvm.thread-states.new.count, value=0
type=GAUGE, name=jvm.thread-states.runnable.count, value=7
type=GAUGE, name=jvm.thread-states.terminated.count, value=0
type=GAUGE, name=jvm.thread-states.timed_waiting.count, value=19
type=GAUGE, name=jvm.thread-states.waiting.count, value=4
type=METER, name=org.jasig.cas.CentralAuthenticationServiceImpl.CREATE_TICKET_GRANTING_TICKET_METER, count=0, mean_rate=0.0, m1=0.0, m5=0.0, m15=0.0, rate_unit=events/millisecond
type=METER, name=org.jasig.cas.CentralAuthenticationServiceImpl.DESTROY_TICKET_GRANTING_TICKET_METER, count=0, mean_rate=0.0, m1=0.0, m5=0.0, m15=0.0, rate_unit=events/millisecond
type=METER, name=org.jasig.cas.CentralAuthenticationServiceImpl.GET_TICKETS_METER, count=1, mean_rate=0.0, m1=0.0, m5=0.0, m15=0.0, rate_unit=events/millisecond
type=METER, name=org.jasig.cas.CentralAuthenticationServiceImpl.GET_TICKET_METER, count=0, mean_rate=0.0, m1=0.0, m5=0.0, m15=0.0, rate_unit=events/millisecond
type=METER, name=org.jasig.cas.CentralAuthenticationServiceImpl.GRANT_PROXY_GRANTING_TICKET_METER, count=0, mean_rate=0.0, m1=0.0, m5=0.0, m15=0.0, rate_unit=events/millisecond
type=METER, name=org.jasig.cas.CentralAuthenticationServiceImpl.GRANT_SERVICE_TICKET_METER, count=0, mean_rate=0.0, m1=0.0, m5=0.0, m15=0.0, rate_unit=events/millisecond
type=METER, name=org.jasig.cas.CentralAuthenticationServiceImpl.VALIDATE_SERVICE_TICKET_METER, count=0, mean_rate=0.0, m1=0.0, m5=0.0, m15=0.0, rate_unit=events/millisecond
type=TIMER, name=org.jasig.cas.CentralAuthenticationServiceImpl.CREATE_TICKET_GRANTING_TICKET_TIMER, count=0, min=0.0, max=0.0, mean=0.0, stddev=0.0, median=0.0, p75=0.0, p95=0.0, p98=0.0, p99=0.0, p999=0.0, mean_rate=0.0, m1=0.0, m5=0.0, m15=0.0, rate_unit=events/millisecond, duration_unit=milliseconds
type=TIMER, name=org.jasig.cas.CentralAuthenticationServiceImpl.DESTROY_TICKET_GRANTING_TICKET_TIMER, count=0, min=0.0, max=0.0, mean=0.0, stddev=0.0, median=0.0, p75=0.0, p95=0.0, p98=0.0, p99=0.0, p999=0.0, mean_rate=0.0, m1=0.0, m5=0.0, m15=0.0, rate_unit=events/millisecond, duration_unit=milliseconds
type=TIMER, name=org.jasig.cas.CentralAuthenticationServiceImpl.GET_TICKETS_TIMER, count=1, min=0.153306, max=0.153306, mean=0.153306, stddev=0.0, median=0.153306, p75=0.153306, p95=0.153306, p98=0.153306, p99=0.153306, p999=0.153306, mean_rate=0.0, m1=0.0, m5=0.0, m15=0.0, rate_unit=events/millisecond, duration_unit=milliseconds
type=TIMER, name=org.jasig.cas.CentralAuthenticationServiceImpl.GET_TICKET_TIMER, count=0, min=0.0, max=0.0, mean=0.0, stddev=0.0, median=0.0, p75=0.0, p95=0.0, p98=0.0, p99=0.0, p999=0.0, mean_rate=0.0, m1=0.0, m5=0.0, m15=0.0, rate_unit=events/millisecond, duration_unit=milliseconds
type=TIMER, name=org.jasig.cas.CentralAuthenticationServiceImpl.GRANT_PROXY_GRANTING_TICKET_TIMER, count=0, min=0.0, max=0.0, mean=0.0, stddev=0.0, median=0.0, p75=0.0, p95=0.0, p98=0.0, p99=0.0, p999=0.0, mean_rate=0.0, m1=0.0, m5=0.0, m15=0.0, rate_unit=events/millisecond, duration_unit=milliseconds
type=TIMER, name=org.jasig.cas.CentralAuthenticationServiceImpl.GRANT_SERVICE_TICKET_TIMER, count=0, min=0.0, max=0.0, mean=0.0, stddev=0.0, median=0.0, p75=0.0, p95=0.0, p98=0.0, p99=0.0, p999=0.0, mean_rate=0.0, m1=0.0, m5=0.0, m15=0.0, rate_unit=events/millisecond, duration_unit=milliseconds
type=TIMER, name=org.jasig.cas.CentralAuthenticationServiceImpl.VALIDATE_SERVICE_TICKET_TIMER, count=0, min=0.0, max=0.0, mean=0.0, stddev=0.0, median=0.0, p75=0.0, p95=0.0, p98=0.0, p99=0.0, p999=0.0, mean_rate=0.0, m1=0.0, m5=0.0, m15=0.0, rate_unit=events/millisecond, duration_unit=milliseconds
type=GAUGE, name=jvm.fd.usage, value=0.071533203125
type=GAUGE, name=jvm.gc.PS-MarkSweep.count, value=2
type=GAUGE, name=jvm.gc.PS-MarkSweep.time, value=92
type=GAUGE, name=jvm.gc.PS-Scavenge.count, value=8
type=GAUGE, name=jvm.gc.PS-Scavenge.time, value=88
type=GAUGE, name=jvm.memory.heap.committed, value=421527552
type=GAUGE, name=jvm.memory.heap.init, value=132120576
type=GAUGE, name=jvm.memory.heap.max, value=1866465280
type=GAUGE, name=jvm.memory.heap.usage, value=0.1443572912323341
type=GAUGE, name=jvm.memory.heap.used, value=269437872
type=GAUGE, name=jvm.memory.non-heap.committed, value=67043328
type=GAUGE, name=jvm.memory.non-heap.init, value=2555904
type=GAUGE, name=jvm.memory.non-heap.max, value=-1
type=GAUGE, name=jvm.memory.non-heap.usage, value=-6.5462656E7
type=GAUGE, name=jvm.memory.non-heap.used, value=65463088
type=GAUGE, name=jvm.memory.pools.Code-Cache.committed, value=16187392
type=GAUGE, name=jvm.memory.pools.Code-Cache.init, value=2555904
type=GAUGE, name=jvm.memory.pools.Code-Cache.max, value=251658240
type=GAUGE, name=jvm.memory.pools.Code-Cache.usage, value=0.06271743774414062
type=GAUGE, name=jvm.memory.pools.Code-Cache.used, value=15783360
type=GAUGE, name=jvm.memory.pools.Compressed-Class-Space.committed, value=5636096
type=GAUGE, name=jvm.memory.pools.Compressed-Class-Space.init, value=0
type=GAUGE, name=jvm.memory.pools.Compressed-Class-Space.max, value=1073741824
type=GAUGE, name=jvm.memory.pools.Compressed-Class-Space.usage, value=0.005018100142478943
type=GAUGE, name=jvm.memory.pools.Compressed-Class-Space.used, value=5388144
type=GAUGE, name=jvm.memory.pools.Metaspace.committed, value=45219840
type=GAUGE, name=jvm.memory.pools.Metaspace.init, value=0
type=GAUGE, name=jvm.memory.pools.Metaspace.max, value=-1
type=GAUGE, name=jvm.memory.pools.Metaspace.usage, value=0.979508109714674
type=GAUGE, name=jvm.memory.pools.Metaspace.used, value=44293200
type=GAUGE, name=jvm.memory.pools.PS-Eden-Space.committed, value=310378496
type=GAUGE, name=jvm.memory.pools.PS-Eden-Space.init, value=33554432
type=GAUGE, name=jvm.memory.pools.PS-Eden-Space.max, value=669515776
type=GAUGE, name=jvm.memory.pools.PS-Eden-Space.usage, value=0.35106247294761284
type=GAUGE, name=jvm.memory.pools.PS-Eden-Space.used, value=235041864
type=GAUGE, name=jvm.memory.pools.PS-Old-Gen.committed, value=99614720
type=GAUGE, name=jvm.memory.pools.PS-Old-Gen.init, value=88080384
type=GAUGE, name=jvm.memory.pools.PS-Old-Gen.max, value=1399848960
type=GAUGE, name=jvm.memory.pools.PS-Old-Gen.usage, value=0.01662653662292252
type=GAUGE, name=jvm.memory.pools.PS-Old-Gen.used, value=23274640
type=GAUGE, name=jvm.memory.pools.PS-Survivor-Space.committed, value=11534336
type=GAUGE, name=jvm.memory.pools.PS-Survivor-Space.init, value=5242880
type=GAUGE, name=jvm.memory.pools.PS-Survivor-Space.max, value=11534336
type=GAUGE, name=jvm.memory.pools.PS-Survivor-Space.usage, value=0.9641966386274858
type=GAUGE, name=jvm.memory.pools.PS-Survivor-Space.used, value=11121368
type=GAUGE, name=jvm.memory.total.committed, value=488570880
type=GAUGE, name=jvm.memory.total.init, value=134676480
type=GAUGE, name=jvm.memory.total.max, value=1866465279
type=GAUGE, name=jvm.memory.total.used, value=334924696
type=GAUGE, name=jvm.thread-states.blocked.count, value=0
type=GAUGE, name=jvm.thread-states.count, value=30
type=GAUGE, name=jvm.thread-states.daemon.count, value=6
type=GAUGE, name=jvm.thread-states.deadlock.count, value=0
type=GAUGE, name=jvm.thread-states.deadlocks, value=[]
type=GAUGE, name=jvm.thread-states.new.count, value=0
type=GAUGE, name=jvm.thread-states.runnable.count, value=7
type=GAUGE, name=jvm.thread-states.terminated.count, value=0
type=GAUGE, name=jvm.thread-states.timed_waiting.count, value=19
type=GAUGE, name=jvm.thread-states.waiting.count, value=4
type=METER, name=org.jasig.cas.CentralAuthenticationServiceImpl.CREATE_TICKET_GRANTING_TICKET_METER, count=0, mean_rate=0.0, m1=0.0, m5=0.0, m15=0.0, rate_unit=events/millisecond
type=METER, name=org.jasig.cas.CentralAuthenticationServiceImpl.DESTROY_TICKET_GRANTING_TICKET_METER, count=0, mean_rate=0.0, m1=0.0, m5=0.0, m15=0.0, rate_unit=events/millisecond
type=METER, name=org.jasig.cas.CentralAuthenticationServiceImpl.GET_TICKETS_METER, count=1, mean_rate=0.0, m1=0.0, m5=0.0, m15=0.0, rate_unit=events/millisecond
type=METER, name=org.jasig.cas.CentralAuthenticationServiceImpl.GET_TICKET_METER, count=0, mean_rate=0.0, m1=0.0, m5=0.0, m15=0.0, rate_unit=events/millisecond
type=METER, name=org.jasig.cas.CentralAuthenticationServiceImpl.GRANT_PROXY_GRANTING_TICKET_METER, count=0, mean_rate=0.0, m1=0.0, m5=0.0, m15=0.0, rate_unit=events/millisecond
type=METER, name=org.jasig.cas.CentralAuthenticationServiceImpl.GRANT_SERVICE_TICKET_METER, count=0, mean_rate=0.0, m1=0.0, m5=0.0, m15=0.0, rate_unit=events/millisecond
type=METER, name=org.jasig.cas.CentralAuthenticationServiceImpl.VALIDATE_SERVICE_TICKET_METER, count=0, mean_rate=0.0, m1=0.0, m5=0.0, m15=0.0, rate_unit=events/millisecond
type=TIMER, name=org.jasig.cas.CentralAuthenticationServiceImpl.CREATE_TICKET_GRANTING_TICKET_TIMER, count=0, min=0.0, max=0.0, mean=0.0, stddev=0.0, median=0.0, p75=0.0, p95=0.0, p98=0.0, p99=0.0, p999=0.0, mean_rate=0.0, m1=0.0, m5=0.0, m15=0.0, rate_unit=events/millisecond, duration_unit=milliseconds
type=TIMER, name=org.jasig.cas.CentralAuthenticationServiceImpl.DESTROY_TICKET_GRANTING_TICKET_TIMER, count=0, min=0.0, max=0.0, mean=0.0, stddev=0.0, median=0.0, p75=0.0, p95=0.0, p98=0.0, p99=0.0, p999=0.0, mean_rate=0.0, m1=0.0, m5=0.0, m15=0.0, rate_unit=events/millisecond, duration_unit=milliseconds
type=TIMER, name=org.jasig.cas.CentralAuthenticationServiceImpl.GET_TICKETS_TIMER, count=1, min=0.153306, max=0.153306, mean=0.153306, stddev=0.0, median=0.153306, p75=0.153306, p95=0.153306, p98=0.153306, p99=0.153306, p999=0.153306, mean_rate=0.0, m1=0.0, m5=0.0, m15=0.0, rate_unit=events/millisecond, duration_unit=milliseconds
type=TIMER, name=org.jasig.cas.CentralAuthenticationServiceImpl.GET_TICKET_TIMER, count=0, min=0.0, max=0.0, mean=0.0, stddev=0.0, median=0.0, p75=0.0, p95=0.0, p98=0.0, p99=0.0, p999=0.0, mean_rate=0.0, m1=0.0, m5=0.0, m15=0.0, rate_unit=events/millisecond, duration_unit=milliseconds
type=TIMER, name=org.jasig.cas.CentralAuthenticationServiceImpl.GRANT_PROXY_GRANTING_TICKET_TIMER, count=0, min=0.0, max=0.0, mean=0.0, stddev=0.0, median=0.0, p75=0.0, p95=0.0, p98=0.0, p99=0.0, p999=0.0, mean_rate=0.0, m1=0.0, m5=0.0, m15=0.0, rate_unit=events/millisecond, duration_unit=milliseconds
type=TIMER, name=org.jasig.cas.CentralAuthenticationServiceImpl.GRANT_SERVICE_TICKET_TIMER, count=0, min=0.0, max=0.0, mean=0.0, stddev=0.0, median=0.0, p75=0.0, p95=0.0, p98=0.0, p99=0.0, p999=0.0, mean_rate=0.0, m1=0.0, m5=0.0, m15=0.0, rate_unit=events/millisecond, duration_unit=milliseconds
type=TIMER, name=org.jasig.cas.CentralAuthenticationServiceImpl.VALIDATE_SERVICE_TICKET_TIMER, count=0, min=0.0, max=0.0, mean=0.0, stddev=0.0, median=0.0, p75=0.0, p95=0.0, p98=0.0, p99=0.0, p999=0.0, mean_rate=0.0, m1=0.0, m5=0.0, m15=0.0, rate_unit=events/millisecond, duration_unit=milliseconds
type=GAUGE, name=jvm.fd.usage, value=0.071533203125
type=GAUGE, name=jvm.gc.PS-MarkSweep.count, value=2
type=GAUGE, name=jvm.gc.PS-MarkSweep.time, value=92
type=GAUGE, name=jvm.gc.PS-Scavenge.count, value=8
type=GAUGE, name=jvm.gc.PS-Scavenge.time, value=88
type=GAUGE, name=jvm.memory.heap.committed, value=421527552
type=GAUGE, name=jvm.memory.heap.init, value=132120576
type=GAUGE, name=jvm.memory.heap.max, value=1866465280
type=GAUGE, name=jvm.memory.heap.usage, value=0.15433486338411825
type=GAUGE, name=jvm.memory.heap.used, value=288060664
type=GAUGE, name=jvm.memory.non-heap.committed, value=68354048
type=GAUGE, name=jvm.memory.non-heap.init, value=2555904
type=GAUGE, name=jvm.memory.non-heap.max, value=-1
type=GAUGE, name=jvm.memory.non-heap.usage, value=-6.5900008E7
type=GAUGE, name=jvm.memory.non-heap.used, value=65901720
type=GAUGE, name=jvm.memory.pools.Code-Cache.committed, value=16187392
type=GAUGE, name=jvm.memory.pools.Code-Cache.init, value=2555904
type=GAUGE, name=jvm.memory.pools.Code-Cache.max, value=251658240
type=GAUGE, name=jvm.memory.pools.Code-Cache.usage, value=0.06014963785807292
type=GAUGE, name=jvm.memory.pools.Code-Cache.used, value=15137152
type=GAUGE, name=jvm.memory.pools.Compressed-Class-Space.committed, value=5767168
type=GAUGE, name=jvm.memory.pools.Compressed-Class-Space.init, value=0
type=GAUGE, name=jvm.memory.pools.Compressed-Class-Space.max, value=1073741824
type=GAUGE, name=jvm.memory.pools.Compressed-Class-Space.usage, value=0.005120322108268738
type=GAUGE, name=jvm.memory.pools.Compressed-Class-Space.used, value=5497904
type=GAUGE, name=jvm.memory.pools.Metaspace.committed, value=46399488
type=GAUGE, name=jvm.memory.pools.Metaspace.init, value=0
type=GAUGE, name=jvm.memory.pools.Metaspace.max, value=-1
type=GAUGE, name=jvm.memory.pools.Metaspace.usage, value=0.9755935237906074
type=GAUGE, name=jvm.memory.pools.Metaspace.used, value=45267040
type=GAUGE, name=jvm.memory.pools.PS-Eden-Space.committed, value=310378496
type=GAUGE, name=jvm.memory.pools.PS-Eden-Space.init, value=33554432
type=GAUGE, name=jvm.memory.pools.PS-Eden-Space.max, value=669515776
type=GAUGE, name=jvm.memory.pools.PS-Eden-Space.usage, value=0.3788777876385694
type=GAUGE, name=jvm.memory.pools.PS-Eden-Space.used, value=253664656
type=GAUGE, name=jvm.memory.pools.PS-Old-Gen.committed, value=99614720
type=GAUGE, name=jvm.memory.pools.PS-Old-Gen.init, value=88080384
type=GAUGE, name=jvm.memory.pools.PS-Old-Gen.max, value=1399848960
type=GAUGE, name=jvm.memory.pools.PS-Old-Gen.usage, value=0.01662653662292252
type=GAUGE, name=jvm.memory.pools.PS-Old-Gen.used, value=23274640
type=GAUGE, name=jvm.memory.pools.PS-Survivor-Space.committed, value=11534336
type=GAUGE, name=jvm.memory.pools.PS-Survivor-Space.init, value=5242880
type=GAUGE, name=jvm.memory.pools.PS-Survivor-Space.max, value=11534336
type=GAUGE, name=jvm.memory.pools.PS-Survivor-Space.usage, value=0.9641966386274858
type=GAUGE, name=jvm.memory.pools.PS-Survivor-Space.used, value=11121368
type=GAUGE, name=jvm.memory.total.committed, value=489881600
type=GAUGE, name=jvm.memory.total.init, value=134676480
type=GAUGE, name=jvm.memory.total.max, value=1866465279
type=GAUGE, name=jvm.memory.total.used, value=353968008
type=GAUGE, name=jvm.thread-states.blocked.count, value=0
type=GAUGE, name=jvm.thread-states.count, value=30
type=GAUGE, name=jvm.thread-states.daemon.count, value=6
type=GAUGE, name=jvm.thread-states.deadlock.count, value=0
type=GAUGE, name=jvm.thread-states.deadlocks, value=[]
type=GAUGE, name=jvm.thread-states.new.count, value=0
type=GAUGE, name=jvm.thread-states.runnable.count, value=7
type=GAUGE, name=jvm.thread-states.terminated.count, value=0
type=GAUGE, name=jvm.thread-states.timed_waiting.count, value=19
type=GAUGE, name=jvm.thread-states.waiting.count, value=4
type=METER, name=org.jasig.cas.CentralAuthenticationServiceImpl.CREATE_TICKET_GRANTING_TICKET_METER, count=0, mean_rate=0.0, m1=0.0, m5=0.0, m15=0.0, rate_unit=events/millisecond
type=METER, name=org.jasig.cas.CentralAuthenticationServiceImpl.DESTROY_TICKET_GRANTING_TICKET_METER, count=0, mean_rate=0.0, m1=0.0, m5=0.0, m15=0.0, rate_unit=events/millisecond
type=METER, name=org.jasig.cas.CentralAuthenticationServiceImpl.GET_TICKETS_METER, count=1, mean_rate=0.0, m1=0.0, m5=0.0, m15=0.0, rate_unit=events/millisecond
type=METER, name=org.jasig.cas.CentralAuthenticationServiceImpl.GET_TICKET_METER, count=0, mean_rate=0.0, m1=0.0, m5=0.0, m15=0.0, rate_unit=events/millisecond
type=METER, name=org.jasig.cas.CentralAuthenticationServiceImpl.GRANT_PROXY_GRANTING_TICKET_METER, count=0, mean_rate=0.0, m1=0.0, m5=0.0, m15=0.0, rate_unit=events/millisecond
type=METER, name=org.jasig.cas.CentralAuthenticationServiceImpl.GRANT_SERVICE_TICKET_METER, count=0, mean_rate=0.0, m1=0.0, m5=0.0, m15=0.0, rate_unit=events/millisecond
type=METER, name=org.jasig.cas.CentralAuthenticationServiceImpl.VALIDATE_SERVICE_TICKET_METER, count=0, mean_rate=0.0, m1=0.0, m5=0.0, m15=0.0, rate_unit=events/millisecond
type=TIMER, name=org.jasig.cas.CentralAuthenticationServiceImpl.CREATE_TICKET_GRANTING_TICKET_TIMER, count=0, min=0.0, max=0.0, mean=0.0, stddev=0.0, median=0.0, p75=0.0, p95=0.0, p98=0.0, p99=0.0, p999=0.0, mean_rate=0.0, m1=0.0, m5=0.0, m15=0.0, rate_unit=events/millisecond, duration_unit=milliseconds
type=TIMER, name=org.jasig.cas.CentralAuthenticationServiceImpl.DESTROY_TICKET_GRANTING_TICKET_TIMER, count=0, min=0.0, max=0.0, mean=0.0, stddev=0.0, median=0.0, p75=0.0, p95=0.0, p98=0.0, p99=0.0, p999=0.0, mean_rate=0.0, m1=0.0, m5=0.0, m15=0.0, rate_unit=events/millisecond, duration_unit=milliseconds
type=TIMER, name=org.jasig.cas.CentralAuthenticationServiceImpl.GET_TICKETS_TIMER, count=1, min=0.153306, max=0.153306, mean=0.153306, stddev=0.0, median=0.153306, p75=0.153306, p95=0.153306, p98=0.153306, p99=0.153306, p999=0.153306, mean_rate=0.0, m1=0.0, m5=0.0, m15=0.0, rate_unit=events/millisecond, duration_unit=milliseconds
type=TIMER, name=org.jasig.cas.CentralAuthenticationServiceImpl.GET_TICKET_TIMER, count=0, min=0.0, max=0.0, mean=0.0, stddev=0.0, median=0.0, p75=0.0, p95=0.0, p98=0.0, p99=0.0, p999=0.0, mean_rate=0.0, m1=0.0, m5=0.0, m15=0.0, rate_unit=events/millisecond, duration_unit=milliseconds
type=TIMER, name=org.jasig.cas.CentralAuthenticationServiceImpl.GRANT_PROXY_GRANTING_TICKET_TIMER, count=0, min=0.0, max=0.0, mean=0.0, stddev=0.0, median=0.0, p75=0.0, p95=0.0, p98=0.0, p99=0.0, p999=0.0, mean_rate=0.0, m1=0.0, m5=0.0, m15=0.0, rate_unit=events/millisecond, duration_unit=milliseconds
type=TIMER, name=org.jasig.cas.CentralAuthenticationServiceImpl.GRANT_SERVICE_TICKET_TIMER, count=0, min=0.0, max=0.0, mean=0.0, stddev=0.0, median=0.0, p75=0.0, p95=0.0, p98=0.0, p99=0.0, p999=0.0, mean_rate=0.0, m1=0.0, m5=0.0, m15=0.0, rate_unit=events/millisecond, duration_unit=milliseconds
type=TIMER, name=org.jasig.cas.CentralAuthenticationServiceImpl.VALIDATE_SERVICE_TICKET_TIMER, count=0, min=0.0, max=0.0, mean=0.0, stddev=0.0, median=0.0, p75=0.0, p95=0.0, p98=0.0, p99=0.0, p999=0.0, mean_rate=0.0, m1=0.0, m5=0.0, m15=0.0, rate_unit=events/millisecond, duration_unit=milliseconds
type=GAUGE, name=jvm.fd.usage, value=0.071533203125
type=GAUGE, name=jvm.gc.PS-MarkSweep.count, value=2
type=GAUGE, name=jvm.gc.PS-MarkSweep.time, value=92
type=GAUGE, name=jvm.gc.PS-Scavenge.count, value=8
type=GAUGE, name=jvm.gc.PS-Scavenge.time, value=88
type=GAUGE, name=jvm.memory.heap.committed, value=421527552
type=GAUGE, name=jvm.memory.heap.init, value=132120576
type=GAUGE, name=jvm.memory.heap.max, value=1866465280
type=GAUGE, name=jvm.memory.heap.usage, value=0.1654211151465941
type=GAUGE, name=jvm.memory.heap.used, value=308752768
type=GAUGE, name=jvm.memory.non-heap.committed, value=68354048
type=GAUGE, name=jvm.memory.non-heap.init, value=2555904
type=GAUGE, name=jvm.memory.non-heap.max, value=-1
type=GAUGE, name=jvm.memory.non-heap.usage, value=-6.5632312E7
type=GAUGE, name=jvm.memory.non-heap.used, value=65632312
type=GAUGE, name=jvm.memory.pools.Code-Cache.committed, value=16187392
type=GAUGE, name=jvm.memory.pools.Code-Cache.init, value=2555904
type=GAUGE, name=jvm.memory.pools.Code-Cache.max, value=251658240
type=GAUGE, name=jvm.memory.pools.Code-Cache.usage, value=0.058975474039713545
type=GAUGE, name=jvm.memory.pools.Code-Cache.used, value=14841664
type=GAUGE, name=jvm.memory.pools.Compressed-Class-Space.committed, value=5767168
type=GAUGE, name=jvm.memory.pools.Compressed-Class-Space.init, value=0
type=GAUGE, name=jvm.memory.pools.Compressed-Class-Space.max, value=1073741824
type=GAUGE, name=jvm.memory.pools.Compressed-Class-Space.usage, value=0.005120322108268738
type=GAUGE, name=jvm.memory.pools.Compressed-Class-Space.used, value=5497904
type=GAUGE, name=jvm.memory.pools.Metaspace.committed, value=46399488
type=GAUGE, name=jvm.memory.pools.Metaspace.init, value=0
type=GAUGE, name=jvm.memory.pools.Metaspace.max, value=-1
type=GAUGE, name=jvm.memory.pools.Metaspace.usage, value=0.9761737026063736
type=GAUGE, name=jvm.memory.pools.Metaspace.used, value=45293960
type=GAUGE, name=jvm.memory.pools.PS-Eden-Space.committed, value=310378496
type=GAUGE, name=jvm.memory.pools.PS-Eden-Space.init, value=33554432
type=GAUGE, name=jvm.memory.pools.PS-Eden-Space.max, value=669515776
type=GAUGE, name=jvm.memory.pools.PS-Eden-Space.usage, value=0.4097838614634825
type=GAUGE, name=jvm.memory.pools.PS-Eden-Space.used, value=274356760
type=GAUGE, name=jvm.memory.pools.PS-Old-Gen.committed, value=99614720
type=GAUGE, name=jvm.memory.pools.PS-Old-Gen.init, value=88080384
type=GAUGE, name=jvm.memory.pools.PS-Old-Gen.max, value=1399848960
type=GAUGE, name=jvm.memory.pools.PS-Old-Gen.usage, value=0.01662653662292252
type=GAUGE, name=jvm.memory.pools.PS-Old-Gen.used, value=23274640
type=GAUGE, name=jvm.memory.pools.PS-Survivor-Space.committed, value=11534336
type=GAUGE, name=jvm.memory.pools.PS-Survivor-Space.init, value=5242880
type=GAUGE, name=jvm.memory.pools.PS-Survivor-Space.max, value=11534336
type=GAUGE, name=jvm.memory.pools.PS-Survivor-Space.usage, value=0.9641966386274858
type=GAUGE, name=jvm.memory.pools.PS-Survivor-Space.used, value=11121368
type=GAUGE, name=jvm.memory.total.committed, value=489881600
type=GAUGE, name=jvm.memory.total.init, value=134676480
type=GAUGE, name=jvm.memory.total.max, value=1866465279
type=GAUGE, name=jvm.memory.total.used, value=374389016
type=GAUGE, name=jvm.thread-states.blocked.count, value=0
type=GAUGE, name=jvm.thread-states.count, value=30
type=GAUGE, name=jvm.thread-states.daemon.count, value=6
type=GAUGE, name=jvm.thread-states.deadlock.count, value=0
type=GAUGE, name=jvm.thread-states.deadlocks, value=[]
type=GAUGE, name=jvm.thread-states.new.count, value=0
type=GAUGE, name=jvm.thread-states.runnable.count, value=7
type=GAUGE, name=jvm.thread-states.terminated.count, value=0
type=GAUGE, name=jvm.thread-states.timed_waiting.count, value=19
type=GAUGE, name=jvm.thread-states.waiting.count, value=4
type=METER, name=org.jasig.cas.CentralAuthenticationServiceImpl.CREATE_TICKET_GRANTING_TICKET_METER, count=0, mean_rate=0.0, m1=0.0, m5=0.0, m15=0.0, rate_unit=events/millisecond
type=METER, name=org.jasig.cas.CentralAuthenticationServiceImpl.DESTROY_TICKET_GRANTING_TICKET_METER, count=0, mean_rate=0.0, m1=0.0, m5=0.0, m15=0.0, rate_unit=events/millisecond
type=METER, name=org.jasig.cas.CentralAuthenticationServiceImpl.GET_TICKETS_METER, count=1, mean_rate=0.0, m1=0.0, m5=0.0, m15=0.0, rate_unit=events/millisecond
type=METER, name=org.jasig.cas.CentralAuthenticationServiceImpl.GET_TICKET_METER, count=0, mean_rate=0.0, m1=0.0, m5=0.0, m15=0.0, rate_unit=events/millisecond
type=METER, name=org.jasig.cas.CentralAuthenticationServiceImpl.GRANT_PROXY_GRANTING_TICKET_METER, count=0, mean_rate=0.0, m1=0.0, m5=0.0, m15=0.0, rate_unit=events/millisecond
type=METER, name=org.jasig.cas.CentralAuthenticationServiceImpl.GRANT_SERVICE_TICKET_METER, count=0, mean_rate=0.0, m1=0.0, m5=0.0, m15=0.0, rate_unit=events/millisecond
type=METER, name=org.jasig.cas.CentralAuthenticationServiceImpl.VALIDATE_SERVICE_TICKET_METER, count=0, mean_rate=0.0, m1=0.0, m5=0.0, m15=0.0, rate_unit=events/millisecond
type=TIMER, name=org.jasig.cas.CentralAuthenticationServiceImpl.CREATE_TICKET_GRANTING_TICKET_TIMER, count=0, min=0.0, max=0.0, mean=0.0, stddev=0.0, median=0.0, p75=0.0, p95=0.0, p98=0.0, p99=0.0, p999=0.0, mean_rate=0.0, m1=0.0, m5=0.0, m15=0.0, rate_unit=events/millisecond, duration_unit=milliseconds
type=TIMER, name=org.jasig.cas.CentralAuthenticationServiceImpl.DESTROY_TICKET_GRANTING_TICKET_TIMER, count=0, min=0.0, max=0.0, mean=0.0, stddev=0.0, median=0.0, p75=0.0, p95=0.0, p98=0.0, p99=0.0, p999=0.0, mean_rate=0.0, m1=0.0, m5=0.0, m15=0.0, rate_unit=events/millisecond, duration_unit=milliseconds
type=TIMER, name=org.jasig.cas.CentralAuthenticationServiceImpl.GET_TICKETS_TIMER, count=1, min=0.153306, max=0.153306, mean=0.153306, stddev=0.0, median=0.153306, p75=0.153306, p95=0.153306, p98=0.153306, p99=0.153306, p999=0.153306, mean_rate=0.0, m1=0.0, m5=0.0, m15=0.0, rate_unit=events/millisecond, duration_unit=milliseconds
type=TIMER, name=org.jasig.cas.CentralAuthenticationServiceImpl.GET_TICKET_TIMER, count=0, min=0.0, max=0.0, mean=0.0, stddev=0.0, median=0.0, p75=0.0, p95=0.0, p98=0.0, p99=0.0, p999=0.0, mean_rate=0.0, m1=0.0, m5=0.0, m15=0.0, rate_unit=events/millisecond, duration_unit=milliseconds
type=TIMER, name=org.jasig.cas.CentralAuthenticationServiceImpl.GRANT_PROXY_GRANTING_TICKET_TIMER, count=0, min=0.0, max=0.0, mean=0.0, stddev=0.0, median=0.0, p75=0.0, p95=0.0, p98=0.0, p99=0.0, p999=0.0, mean_rate=0.0, m1=0.0, m5=0.0, m15=0.0, rate_unit=events/millisecond, duration_unit=milliseconds
type=TIMER, name=org.jasig.cas.CentralAuthenticationServiceImpl.GRANT_SERVICE_TICKET_TIMER, count=0, min=0.0, max=0.0, mean=0.0, stddev=0.0, median=0.0, p75=0.0, p95=0.0, p98=0.0, p99=0.0, p999=0.0, mean_rate=0.0, m1=0.0, m5=0.0, m15=0.0, rate_unit=events/millisecond, duration_unit=milliseconds
type=TIMER, name=org.jasig.cas.CentralAuthenticationServiceImpl.VALIDATE_SERVICE_TICKET_TIMER, count=0, min=0.0, max=0.0, mean=0.0, stddev=0.0, median=0.0, p75=0.0, p95=0.0, p98=0.0, p99=0.0, p999=0.0, mean_rate=0.0, m1=0.0, m5=0.0, m15=0.0, rate_unit=events/millisecond, duration_unit=milliseconds
type=GAUGE, name=jvm.fd.usage, value=0.071533203125
type=GAUGE, name=jvm.gc.PS-MarkSweep.count, value=2
type=GAUGE, name=jvm.gc.PS-MarkSweep.time, value=92
type=GAUGE, name=jvm.gc.PS-Scavenge.count, value=8
type=GAUGE, name=jvm.gc.PS-Scavenge.time, value=88
type=GAUGE, name=jvm.memory.heap.committed, value=421527552
type=GAUGE, name=jvm.memory.heap.init, value=132120576
type=GAUGE, name=jvm.memory.heap.max, value=1866465280
type=GAUGE, name=jvm.memory.heap.usage, value=0.1654211151465941
type=GAUGE, name=jvm.memory.heap.used, value=308752768
type=GAUGE, name=jvm.memory.non-heap.committed, value=68354048
type=GAUGE, name=jvm.memory.non-heap.init, value=2555904
type=GAUGE, name=jvm.memory.non-heap.max, value=-1
type=GAUGE, name=jvm.memory.non-heap.usage, value=-6.56316E7
type=GAUGE, name=jvm.memory.non-heap.used, value=65632496
type=GAUGE, name=jvm.memory.pools.Code-Cache.committed, value=16187392
type=GAUGE, name=jvm.memory.pools.Code-Cache.init, value=2555904
type=GAUGE, name=jvm.memory.pools.Code-Cache.max, value=251658240
type=GAUGE, name=jvm.memory.pools.Code-Cache.usage, value=0.05893910725911458
type=GAUGE, name=jvm.memory.pools.Code-Cache.used, value=14832512
type=GAUGE, name=jvm.memory.pools.Compressed-Class-Space.committed, value=5767168
type=GAUGE, name=jvm.memory.pools.Compressed-Class-Space.init, value=0
type=GAUGE, name=jvm.memory.pools.Compressed-Class-Space.max, value=1073741824
type=GAUGE, name=jvm.memory.pools.Compressed-Class-Space.usage, value=0.005120322108268738
type=GAUGE, name=jvm.memory.pools.Compressed-Class-Space.used, value=5497904
type=GAUGE, name=jvm.memory.pools.Metaspace.committed, value=46399488
type=GAUGE, name=jvm.memory.pools.Metaspace.init, value=0
type=GAUGE, name=jvm.memory.pools.Metaspace.max, value=-1
type=GAUGE, name=jvm.memory.pools.Metaspace.usage, value=0.976397153347899
type=GAUGE, name=jvm.memory.pools.Metaspace.used, value=45304328
type=GAUGE, name=jvm.memory.pools.PS-Eden-Space.committed, value=310378496
type=GAUGE, name=jvm.memory.pools.PS-Eden-Space.init, value=33554432
type=GAUGE, name=jvm.memory.pools.PS-Eden-Space.max, value=669515776
type=GAUGE, name=jvm.memory.pools.PS-Eden-Space.usage, value=0.4097838614634825
type=GAUGE, name=jvm.memory.pools.PS-Eden-Space.used, value=274356760
type=GAUGE, name=jvm.memory.pools.PS-Old-Gen.committed, value=99614720
type=GAUGE, name=jvm.memory.pools.PS-Old-Gen.init, value=88080384
type=GAUGE, name=jvm.memory.pools.PS-Old-Gen.max, value=1399848960
type=GAUGE, name=jvm.memory.pools.PS-Old-Gen.usage, value=0.01662653662292252
type=GAUGE, name=jvm.memory.pools.PS-Old-Gen.used, value=23274640
type=GAUGE, name=jvm.memory.pools.PS-Survivor-Space.committed, value=11534336
type=GAUGE, name=jvm.memory.pools.PS-Survivor-Space.init, value=5242880
type=GAUGE, name=jvm.memory.pools.PS-Survivor-Space.max, value=11534336
type=GAUGE, name=jvm.memory.pools.PS-Survivor-Space.usage, value=0.9641966386274858
type=GAUGE, name=jvm.memory.pools.PS-Survivor-Space.used, value=11121368
type=GAUGE, name=jvm.memory.total.committed, value=489881600
type=GAUGE, name=jvm.memory.total.init, value=134676480
type=GAUGE, name=jvm.memory.total.max, value=1866465279
type=GAUGE, name=jvm.memory.total.used, value=374385336
type=GAUGE, name=jvm.thread-states.blocked.count, value=0
type=GAUGE, name=jvm.thread-states.count, value=30
type=GAUGE, name=jvm.thread-states.daemon.count, value=6
type=GAUGE, name=jvm.thread-states.deadlock.count, value=0
type=GAUGE, name=jvm.thread-states.deadlocks, value=[]
type=GAUGE, name=jvm.thread-states.new.count, value=0
type=GAUGE, name=jvm.thread-states.runnable.count, value=7
type=GAUGE, name=jvm.thread-states.terminated.count, value=0
type=GAUGE, name=jvm.thread-states.timed_waiting.count, value=19
type=GAUGE, name=jvm.thread-states.waiting.count, value=4
type=METER, name=org.jasig.cas.CentralAuthenticationServiceImpl.CREATE_TICKET_GRANTING_TICKET_METER, count=0, mean_rate=0.0, m1=0.0, m5=0.0, m15=0.0, rate_unit=events/millisecond
type=METER, name=org.jasig.cas.CentralAuthenticationServiceImpl.DESTROY_TICKET_GRANTING_TICKET_METER, count=0, mean_rate=0.0, m1=0.0, m5=0.0, m15=0.0, rate_unit=events/millisecond
type=METER, name=org.jasig.cas.CentralAuthenticationServiceImpl.GET_TICKETS_METER, count=1, mean_rate=0.0, m1=0.0, m5=0.0, m15=0.0, rate_unit=events/millisecond
type=METER, name=org.jasig.cas.CentralAuthenticationServiceImpl.GET_TICKET_METER, count=0, mean_rate=0.0, m1=0.0, m5=0.0, m15=0.0, rate_unit=events/millisecond
type=METER, name=org.jasig.cas.CentralAuthenticationServiceImpl.GRANT_PROXY_GRANTING_TICKET_METER, count=0, mean_rate=0.0, m1=0.0, m5=0.0, m15=0.0, rate_unit=events/millisecond
type=METER, name=org.jasig.cas.CentralAuthenticationServiceImpl.GRANT_SERVICE_TICKET_METER, count=0, mean_rate=0.0, m1=0.0, m5=0.0, m15=0.0, rate_unit=events/millisecond
type=METER, name=org.jasig.cas.CentralAuthenticationServiceImpl.VALIDATE_SERVICE_TICKET_METER, count=0, mean_rate=0.0, m1=0.0, m5=0.0, m15=0.0, rate_unit=events/millisecond
type=TIMER, name=org.jasig.cas.CentralAuthenticationServiceImpl.CREATE_TICKET_GRANTING_TICKET_TIMER, count=0, min=0.0, max=0.0, mean=0.0, stddev=0.0, median=0.0, p75=0.0, p95=0.0, p98=0.0, p99=0.0, p999=0.0, mean_rate=0.0, m1=0.0, m5=0.0, m15=0.0, rate_unit=events/millisecond, duration_unit=milliseconds
type=TIMER, name=org.jasig.cas.CentralAuthenticationServiceImpl.DESTROY_TICKET_GRANTING_TICKET_TIMER, count=0, min=0.0, max=0.0, mean=0.0, stddev=0.0, median=0.0, p75=0.0, p95=0.0, p98=0.0, p99=0.0, p999=0.0, mean_rate=0.0, m1=0.0, m5=0.0, m15=0.0, rate_unit=events/millisecond, duration_unit=milliseconds
type=TIMER, name=org.jasig.cas.CentralAuthenticationServiceImpl.GET_TICKETS_TIMER, count=1, min=0.153306, max=0.153306, mean=0.153306, stddev=0.0, median=0.153306, p75=0.153306, p95=0.153306, p98=0.153306, p99=0.153306, p999=0.153306, mean_rate=0.0, m1=0.0, m5=0.0, m15=0.0, rate_unit=events/millisecond, duration_unit=milliseconds
type=TIMER, name=org.jasig.cas.CentralAuthenticationServiceImpl.GET_TICKET_TIMER, count=0, min=0.0, max=0.0, mean=0.0, stddev=0.0, median=0.0, p75=0.0, p95=0.0, p98=0.0, p99=0.0, p999=0.0, mean_rate=0.0, m1=0.0, m5=0.0, m15=0.0, rate_unit=events/millisecond, duration_unit=milliseconds
type=TIMER, name=org.jasig.cas.CentralAuthenticationServiceImpl.GRANT_PROXY_GRANTING_TICKET_TIMER, count=0, min=0.0, max=0.0, mean=0.0, stddev=0.0, median=0.0, p75=0.0, p95=0.0, p98=0.0, p99=0.0, p999=0.0, mean_rate=0.0, m1=0.0, m5=0.0, m15=0.0, rate_unit=events/millisecond, duration_unit=milliseconds
type=TIMER, name=org.jasig.cas.CentralAuthenticationServiceImpl.GRANT_SERVICE_TICKET_TIMER, count=0, min=0.0, max=0.0, mean=0.0, stddev=0.0, median=0.0, p75=0.0, p95=0.0, p98=0.0, p99=0.0, p999=0.0, mean_rate=0.0, m1=0.0, m5=0.0, m15=0.0, rate_unit=events/millisecond, duration_unit=milliseconds
type=TIMER, name=org.jasig.cas.CentralAuthenticationServiceImpl.VALIDATE_SERVICE_TICKET_TIMER, count=0, min=0.0, max=0.0, mean=0.0, stddev=0.0, median=0.0, p75=0.0, p95=0.0, p98=0.0, p99=0.0, p999=0.0, mean_rate=0.0, m1=0.0, m5=0.0, m15=0.0, rate_unit=events/millisecond, duration_unit=milliseconds
type=GAUGE, name=jvm.fd.usage, value=0.072021484375
type=GAUGE, name=jvm.gc.PS-MarkSweep.count, value=2
type=GAUGE, name=jvm.gc.PS-MarkSweep.time, value=92
type=GAUGE, name=jvm.gc.PS-Scavenge.count, value=9
type=GAUGE, name=jvm.gc.PS-Scavenge.time, value=129
type=GAUGE, name=jvm.memory.heap.committed, value=430964736
type=GAUGE, name=jvm.memory.heap.init, value=132120576
type=GAUGE, name=jvm.memory.heap.max, value=1866465280
type=GAUGE, name=jvm.memory.heap.usage, value=0.08694267272949219
type=GAUGE, name=jvm.memory.heap.used, value=162275480
type=GAUGE, name=jvm.memory.non-heap.committed, value=81264640
type=GAUGE, name=jvm.memory.non-heap.init, value=2555904
type=GAUGE, name=jvm.memory.non-heap.max, value=-1
type=GAUGE, name=jvm.memory.non-heap.usage, value=-7.9605632E7
type=GAUGE, name=jvm.memory.non-heap.used, value=79605632
type=GAUGE, name=jvm.memory.pools.Code-Cache.committed, value=18612224
type=GAUGE, name=jvm.memory.pools.Code-Cache.init, value=2555904
type=GAUGE, name=jvm.memory.pools.Code-Cache.max, value=251658240
type=GAUGE, name=jvm.memory.pools.Code-Cache.usage, value=0.0733350118001302
type=GAUGE, name=jvm.memory.pools.Code-Cache.used, value=18458048
type=GAUGE, name=jvm.memory.pools.Compressed-Class-Space.committed, value=6684672
type=GAUGE, name=jvm.memory.pools.Compressed-Class-Space.init, value=0
type=GAUGE, name=jvm.memory.pools.Compressed-Class-Space.max, value=1073741824
type=GAUGE, name=jvm.memory.pools.Compressed-Class-Space.usage, value=0.00595816969871521
type=GAUGE, name=jvm.memory.pools.Compressed-Class-Space.used, value=6397536
type=GAUGE, name=jvm.memory.pools.Metaspace.committed, value=55967744
type=GAUGE, name=jvm.memory.pools.Metaspace.init, value=0
type=GAUGE, name=jvm.memory.pools.Metaspace.max, value=-1
type=GAUGE, name=jvm.memory.pools.Metaspace.usage, value=0.9783771166477605
type=GAUGE, name=jvm.memory.pools.Metaspace.used, value=54758264
type=GAUGE, name=jvm.memory.pools.PS-Eden-Space.committed, value=312999936
type=GAUGE, name=jvm.memory.pools.PS-Eden-Space.init, value=33554432
type=GAUGE, name=jvm.memory.pools.PS-Eden-Space.max, value=656408576
type=GAUGE, name=jvm.memory.pools.PS-Eden-Space.usage, value=0.16877412643676368
type=GAUGE, name=jvm.memory.pools.PS-Eden-Space.used, value=110784784
type=GAUGE, name=jvm.memory.pools.PS-Old-Gen.committed, value=99614720
type=GAUGE, name=jvm.memory.pools.PS-Old-Gen.init, value=88080384
type=GAUGE, name=jvm.memory.pools.PS-Old-Gen.max, value=1399848960
type=GAUGE, name=jvm.memory.pools.PS-Old-Gen.usage, value=0.023677685912628744
type=GAUGE, name=jvm.memory.pools.PS-Old-Gen.used, value=33145184
type=GAUGE, name=jvm.memory.pools.PS-Survivor-Space.committed, value=18350080
type=GAUGE, name=jvm.memory.pools.PS-Survivor-Space.init, value=5242880
type=GAUGE, name=jvm.memory.pools.PS-Survivor-Space.max, value=18350080
type=GAUGE, name=jvm.memory.pools.PS-Survivor-Space.usage, value=0.9997510637555803
type=GAUGE, name=jvm.memory.pools.PS-Survivor-Space.used, value=18345512
type=GAUGE, name=jvm.memory.total.committed, value=512229376
type=GAUGE, name=jvm.memory.total.init, value=134676480
type=GAUGE, name=jvm.memory.total.max, value=1866465279
type=GAUGE, name=jvm.memory.total.used, value=241895624
type=GAUGE, name=jvm.thread-states.blocked.count, value=0
type=GAUGE, name=jvm.thread-states.count, value=30
type=GAUGE, name=jvm.thread-states.daemon.count, value=6
type=GAUGE, name=jvm.thread-states.deadlock.count, value=0
type=GAUGE, name=jvm.thread-states.deadlocks, value=[]
type=GAUGE, name=jvm.thread-states.new.count, value=0
type=GAUGE, name=jvm.thread-states.runnable.count, value=7
type=GAUGE, name=jvm.thread-states.terminated.count, value=0
type=GAUGE, name=jvm.thread-states.timed_waiting.count, value=19
type=GAUGE, name=jvm.thread-states.waiting.count, value=4
type=METER, name=org.jasig.cas.CentralAuthenticationServiceImpl.CREATE_TICKET_GRANTING_TICKET_METER, count=0, mean_rate=0.0, m1=0.0, m5=0.0, m15=0.0, rate_unit=events/millisecond
type=METER, name=org.jasig.cas.CentralAuthenticationServiceImpl.DESTROY_TICKET_GRANTING_TICKET_METER, count=0, mean_rate=0.0, m1=0.0, m5=0.0, m15=0.0, rate_unit=events/millisecond
type=METER, name=org.jasig.cas.CentralAuthenticationServiceImpl.GET_TICKETS_METER, count=1, mean_rate=0.0, m1=0.0, m5=0.0, m15=0.0, rate_unit=events/millisecond
type=METER, name=org.jasig.cas.CentralAuthenticationServiceImpl.GET_TICKET_METER, count=0, mean_rate=0.0, m1=0.0, m5=0.0, m15=0.0, rate_unit=events/millisecond
type=METER, name=org.jasig.cas.CentralAuthenticationServiceImpl.GRANT_PROXY_GRANTING_TICKET_METER, count=0, mean_rate=0.0, m1=0.0, m5=0.0, m15=0.0, rate_unit=events/millisecond
type=METER, name=org.jasig.cas.CentralAuthenticationServiceImpl.GRANT_SERVICE_TICKET_METER, count=0, mean_rate=0.0, m1=0.0, m5=0.0, m15=0.0, rate_unit=events/millisecond
type=METER, name=org.jasig.cas.CentralAuthenticationServiceImpl.VALIDATE_SERVICE_TICKET_METER, count=0, mean_rate=0.0, m1=0.0, m5=0.0, m15=0.0, rate_unit=events/millisecond
type=TIMER, name=org.jasig.cas.CentralAuthenticationServiceImpl.CREATE_TICKET_GRANTING_TICKET_TIMER, count=0, min=0.0, max=0.0, mean=0.0, stddev=0.0, median=0.0, p75=0.0, p95=0.0, p98=0.0, p99=0.0, p999=0.0, mean_rate=0.0, m1=0.0, m5=0.0, m15=0.0, rate_unit=events/millisecond, duration_unit=milliseconds
type=TIMER, name=org.jasig.cas.CentralAuthenticationServiceImpl.DESTROY_TICKET_GRANTING_TICKET_TIMER, count=0, min=0.0, max=0.0, mean=0.0, stddev=0.0, median=0.0, p75=0.0, p95=0.0, p98=0.0, p99=0.0, p999=0.0, mean_rate=0.0, m1=0.0, m5=0.0, m15=0.0, rate_unit=events/millisecond, duration_unit=milliseconds
type=TIMER, name=org.jasig.cas.CentralAuthenticationServiceImpl.GET_TICKETS_TIMER, count=1, min=0.153306, max=0.153306, mean=0.153306, stddev=0.0, median=0.153306, p75=0.153306, p95=0.153306, p98=0.153306, p99=0.153306, p999=0.153306, mean_rate=0.0, m1=0.0, m5=0.0, m15=0.0, rate_unit=events/millisecond, duration_unit=milliseconds
type=TIMER, name=org.jasig.cas.CentralAuthenticationServiceImpl.GET_TICKET_TIMER, count=0, min=0.0, max=0.0, mean=0.0, stddev=0.0, median=0.0, p75=0.0, p95=0.0, p98=0.0, p99=0.0, p999=0.0, mean_rate=0.0, m1=0.0, m5=0.0, m15=0.0, rate_unit=events/millisecond, duration_unit=milliseconds
type=TIMER, name=org.jasig.cas.CentralAuthenticationServiceImpl.GRANT_PROXY_GRANTING_TICKET_TIMER, count=0, min=0.0, max=0.0, mean=0.0, stddev=0.0, median=0.0, p75=0.0, p95=0.0, p98=0.0, p99=0.0, p999=0.0, mean_rate=0.0, m1=0.0, m5=0.0, m15=0.0, rate_unit=events/millisecond, duration_unit=milliseconds
type=TIMER, name=org.jasig.cas.CentralAuthenticationServiceImpl.GRANT_SERVICE_TICKET_TIMER, count=0, min=0.0, max=0.0, mean=0.0, stddev=0.0, median=0.0, p75=0.0, p95=0.0, p98=0.0, p99=0.0, p999=0.0, mean_rate=0.0, m1=0.0, m5=0.0, m15=0.0, rate_unit=events/millisecond, duration_unit=milliseconds
type=TIMER, name=org.jasig.cas.CentralAuthenticationServiceImpl.VALIDATE_SERVICE_TICKET_TIMER, count=0, min=0.0, max=0.0, mean=0.0, stddev=0.0, median=0.0, p75=0.0, p95=0.0, p98=0.0, p99=0.0, p999=0.0, mean_rate=0.0, m1=0.0, m5=0.0, m15=0.0, rate_unit=events/millisecond, duration_unit=milliseconds
type=GAUGE, name=jvm.fd.usage, value=0.072021484375
type=GAUGE, name=jvm.gc.PS-MarkSweep.count, value=2
type=GAUGE, name=jvm.gc.PS-MarkSweep.time, value=92
type=GAUGE, name=jvm.gc.PS-Scavenge.count, value=9
type=GAUGE, name=jvm.gc.PS-Scavenge.time, value=129
type=GAUGE, name=jvm.memory.heap.committed, value=430964736
type=GAUGE, name=jvm.memory.heap.init, value=132120576
type=GAUGE, name=jvm.memory.heap.max, value=1866465280
type=GAUGE, name=jvm.memory.heap.usage, value=0.10120114530070444
type=GAUGE, name=jvm.memory.heap.used, value=188888424
type=GAUGE, name=jvm.memory.non-heap.committed, value=82837504
type=GAUGE, name=jvm.memory.non-heap.init, value=2555904
type=GAUGE, name=jvm.memory.non-heap.max, value=-1
type=GAUGE, name=jvm.memory.non-heap.usage, value=-8.11302E7
type=GAUGE, name=jvm.memory.non-heap.used, value=81130200
type=GAUGE, name=jvm.memory.pools.Code-Cache.committed, value=18874368
type=GAUGE, name=jvm.memory.pools.Code-Cache.init, value=2555904
type=GAUGE, name=jvm.memory.pools.Code-Cache.max, value=251658240
type=GAUGE, name=jvm.memory.pools.Code-Cache.usage, value=0.07450841267903646
type=GAUGE, name=jvm.memory.pools.Code-Cache.used, value=18750656
type=GAUGE, name=jvm.memory.pools.Compressed-Class-Space.committed, value=6815744
type=GAUGE, name=jvm.memory.pools.Compressed-Class-Space.init, value=0
type=GAUGE, name=jvm.memory.pools.Compressed-Class-Space.max, value=1073741824
type=GAUGE, name=jvm.memory.pools.Compressed-Class-Space.usage, value=0.006084345281124115
type=GAUGE, name=jvm.memory.pools.Compressed-Class-Space.used, value=6533016
type=GAUGE, name=jvm.memory.pools.Metaspace.committed, value=57147392
type=GAUGE, name=jvm.memory.pools.Metaspace.init, value=0
type=GAUGE, name=jvm.memory.pools.Metaspace.max, value=-1
type=GAUGE, name=jvm.memory.pools.Metaspace.usage, value=0.9772366864965596
type=GAUGE, name=jvm.memory.pools.Metaspace.used, value=55846528
type=GAUGE, name=jvm.memory.pools.PS-Eden-Space.committed, value=312999936
type=GAUGE, name=jvm.memory.pools.PS-Eden-Space.init, value=33554432
type=GAUGE, name=jvm.memory.pools.PS-Eden-Space.max, value=656408576
type=GAUGE, name=jvm.memory.pools.PS-Eden-Space.usage, value=0.209317387102511
type=GAUGE, name=jvm.memory.pools.PS-Eden-Space.used, value=137397728
type=GAUGE, name=jvm.memory.pools.PS-Old-Gen.committed, value=99614720
type=GAUGE, name=jvm.memory.pools.PS-Old-Gen.init, value=88080384
type=GAUGE, name=jvm.memory.pools.PS-Old-Gen.max, value=1399848960
type=GAUGE, name=jvm.memory.pools.PS-Old-Gen.usage, value=0.023677685912628744
type=GAUGE, name=jvm.memory.pools.PS-Old-Gen.used, value=33145184
type=GAUGE, name=jvm.memory.pools.PS-Survivor-Space.committed, value=18350080
type=GAUGE, name=jvm.memory.pools.PS-Survivor-Space.init, value=5242880
type=GAUGE, name=jvm.memory.pools.PS-Survivor-Space.max, value=18350080
type=GAUGE, name=jvm.memory.pools.PS-Survivor-Space.usage, value=0.9997510637555803
type=GAUGE, name=jvm.memory.pools.PS-Survivor-Space.used, value=18345512
type=GAUGE, name=jvm.memory.total.committed, value=513802240
type=GAUGE, name=jvm.memory.total.init, value=134676480
type=GAUGE, name=jvm.memory.total.max, value=1866465279
type=GAUGE, name=jvm.memory.total.used, value=270025112
type=GAUGE, name=jvm.thread-states.blocked.count, value=0
type=GAUGE, name=jvm.thread-states.count, value=34
type=GAUGE, name=jvm.thread-states.daemon.count, value=10
type=GAUGE, name=jvm.thread-states.deadlock.count, value=0
type=GAUGE, name=jvm.thread-states.deadlocks, value=[]
type=GAUGE, name=jvm.thread-states.new.count, value=0
type=GAUGE, name=jvm.thread-states.runnable.count, value=7
type=GAUGE, name=jvm.thread-states.terminated.count, value=0
type=GAUGE, name=jvm.thread-states.timed_waiting.count, value=22
type=GAUGE, name=jvm.thread-states.waiting.count, value=5
type=METER, name=org.jasig.cas.CentralAuthenticationServiceImpl.CREATE_TICKET_GRANTING_TICKET_METER, count=1, mean_rate=0.0, m1=0.0, m5=0.0, m15=0.0, rate_unit=events/millisecond
type=METER, name=org.jasig.cas.CentralAuthenticationServiceImpl.DESTROY_TICKET_GRANTING_TICKET_METER, count=0, mean_rate=0.0, m1=0.0, m5=0.0, m15=0.0, rate_unit=events/millisecond
type=METER, name=org.jasig.cas.CentralAuthenticationServiceImpl.GET_TICKETS_METER, count=1, mean_rate=0.0, m1=0.0, m5=0.0, m15=0.0, rate_unit=events/millisecond
type=METER, name=org.jasig.cas.CentralAuthenticationServiceImpl.GET_TICKET_METER, count=0, mean_rate=0.0, m1=0.0, m5=0.0, m15=0.0, rate_unit=events/millisecond
type=METER, name=org.jasig.cas.CentralAuthenticationServiceImpl.GRANT_PROXY_GRANTING_TICKET_METER, count=0, mean_rate=0.0, m1=0.0, m5=0.0, m15=0.0, rate_unit=events/millisecond
type=METER, name=org.jasig.cas.CentralAuthenticationServiceImpl.GRANT_SERVICE_TICKET_METER, count=0, mean_rate=0.0, m1=0.0, m5=0.0, m15=0.0, rate_unit=events/millisecond
type=METER, name=org.jasig.cas.CentralAuthenticationServiceImpl.VALIDATE_SERVICE_TICKET_METER, count=0, mean_rate=0.0, m1=0.0, m5=0.0, m15=0.0, rate_unit=events/millisecond
type=TIMER, name=org.jasig.cas.CentralAuthenticationServiceImpl.CREATE_TICKET_GRANTING_TICKET_TIMER, count=0, min=0.0, max=0.0, mean=0.0, stddev=0.0, median=0.0, p75=0.0, p95=0.0, p98=0.0, p99=0.0, p999=0.0, mean_rate=0.0, m1=0.0, m5=0.0, m15=0.0, rate_unit=events/millisecond, duration_unit=milliseconds
type=TIMER, name=org.jasig.cas.CentralAuthenticationServiceImpl.DESTROY_TICKET_GRANTING_TICKET_TIMER, count=0, min=0.0, max=0.0, mean=0.0, stddev=0.0, median=0.0, p75=0.0, p95=0.0, p98=0.0, p99=0.0, p999=0.0, mean_rate=0.0, m1=0.0, m5=0.0, m15=0.0, rate_unit=events/millisecond, duration_unit=milliseconds
type=TIMER, name=org.jasig.cas.CentralAuthenticationServiceImpl.GET_TICKETS_TIMER, count=1, min=0.153306, max=0.153306, mean=0.153306, stddev=0.0, median=0.153306, p75=0.153306, p95=0.153306, p98=0.153306, p99=0.153306, p999=0.153306, mean_rate=0.0, m1=0.0, m5=0.0, m15=0.0, rate_unit=events/millisecond, duration_unit=milliseconds
type=TIMER, name=org.jasig.cas.CentralAuthenticationServiceImpl.GET_TICKET_TIMER, count=0, min=0.0, max=0.0, mean=0.0, stddev=0.0, median=0.0, p75=0.0, p95=0.0, p98=0.0, p99=0.0, p999=0.0, mean_rate=0.0, m1=0.0, m5=0.0, m15=0.0, rate_unit=events/millisecond, duration_unit=milliseconds
type=TIMER, name=org.jasig.cas.CentralAuthenticationServiceImpl.GRANT_PROXY_GRANTING_TICKET_TIMER, count=0, min=0.0, max=0.0, mean=0.0, stddev=0.0, median=0.0, p75=0.0, p95=0.0, p98=0.0, p99=0.0, p999=0.0, mean_rate=0.0, m1=0.0, m5=0.0, m15=0.0, rate_unit=events/millisecond, duration_unit=milliseconds
type=TIMER, name=org.jasig.cas.CentralAuthenticationServiceImpl.GRANT_SERVICE_TICKET_TIMER, count=0, min=0.0, max=0.0, mean=0.0, stddev=0.0, median=0.0, p75=0.0, p95=0.0, p98=0.0, p99=0.0, p999=0.0, mean_rate=0.0, m1=0.0, m5=0.0, m15=0.0, rate_unit=events/millisecond, duration_unit=milliseconds
type=TIMER, name=org.jasig.cas.CentralAuthenticationServiceImpl.VALIDATE_SERVICE_TICKET_TIMER, count=0, min=0.0, max=0.0, mean=0.0, stddev=0.0, median=0.0, p75=0.0, p95=0.0, p98=0.0, p99=0.0, p999=0.0, mean_rate=0.0, m1=0.0, m5=0.0, m15=0.0, rate_unit=events/millisecond, duration_unit=milliseconds
type=GAUGE, name=jvm.fd.usage, value=0.072021484375
type=GAUGE, name=jvm.gc.PS-MarkSweep.count, value=2
type=GAUGE, name=jvm.gc.PS-MarkSweep.time, value=92
type=GAUGE, name=jvm.gc.PS-Scavenge.count, value=9
type=GAUGE, name=jvm.gc.PS-Scavenge.time, value=129
type=GAUGE, name=jvm.memory.heap.committed, value=430964736
type=GAUGE, name=jvm.memory.heap.init, value=132120576
type=GAUGE, name=jvm.memory.heap.max, value=1866465280
type=GAUGE, name=jvm.memory.heap.usage, value=0.12037859713093618
type=GAUGE, name=jvm.memory.heap.used, value=224682472
type=GAUGE, name=jvm.memory.non-heap.committed, value=83099648
type=GAUGE, name=jvm.memory.non-heap.init, value=2555904
type=GAUGE, name=jvm.memory.non-heap.max, value=-1
type=GAUGE, name=jvm.memory.non-heap.usage, value=-8.1449816E7
type=GAUGE, name=jvm.memory.non-heap.used, value=81449816
type=GAUGE, name=jvm.memory.pools.Code-Cache.committed, value=19136512
type=GAUGE, name=jvm.memory.pools.Code-Cache.init, value=2555904
type=GAUGE, name=jvm.memory.pools.Code-Cache.max, value=251658240
type=GAUGE, name=jvm.memory.pools.Code-Cache.usage, value=0.07528305053710938
type=GAUGE, name=jvm.memory.pools.Code-Cache.used, value=18945600
type=GAUGE, name=jvm.memory.pools.Compressed-Class-Space.committed, value=6815744
type=GAUGE, name=jvm.memory.pools.Compressed-Class-Space.init, value=0
type=GAUGE, name=jvm.memory.pools.Compressed-Class-Space.max, value=1073741824
type=GAUGE, name=jvm.memory.pools.Compressed-Class-Space.usage, value=0.00609106570482254
type=GAUGE, name=jvm.memory.pools.Compressed-Class-Space.used, value=6540232
type=GAUGE, name=jvm.memory.pools.Metaspace.committed, value=57147392
type=GAUGE, name=jvm.memory.pools.Metaspace.init, value=0
type=GAUGE, name=jvm.memory.pools.Metaspace.max, value=-1
type=GAUGE, name=jvm.memory.pools.Metaspace.usage, value=0.97922480871918
type=GAUGE, name=jvm.memory.pools.Metaspace.used, value=55960144
type=GAUGE, name=jvm.memory.pools.PS-Eden-Space.committed, value=312999936
type=GAUGE, name=jvm.memory.pools.PS-Eden-Space.init, value=33554432
type=GAUGE, name=jvm.memory.pools.PS-Eden-Space.max, value=656408576
type=GAUGE, name=jvm.memory.pools.PS-Eden-Space.usage, value=0.26384752169965553
type=GAUGE, name=jvm.memory.pools.PS-Eden-Space.used, value=173191776
type=GAUGE, name=jvm.memory.pools.PS-Old-Gen.committed, value=99614720
type=GAUGE, name=jvm.memory.pools.PS-Old-Gen.init, value=88080384
type=GAUGE, name=jvm.memory.pools.PS-Old-Gen.max, value=1399848960
type=GAUGE, name=jvm.memory.pools.PS-Old-Gen.usage, value=0.023677685912628744
type=GAUGE, name=jvm.memory.pools.PS-Old-Gen.used, value=33145184
type=GAUGE, name=jvm.memory.pools.PS-Survivor-Space.committed, value=18350080
type=GAUGE, name=jvm.memory.pools.PS-Survivor-Space.init, value=5242880
type=GAUGE, name=jvm.memory.pools.PS-Survivor-Space.max, value=18350080
type=GAUGE, name=jvm.memory.pools.PS-Survivor-Space.usage, value=0.9997510637555803
type=GAUGE, name=jvm.memory.pools.PS-Survivor-Space.used, value=18345512
type=GAUGE, name=jvm.memory.total.committed, value=514064384
type=GAUGE, name=jvm.memory.total.init, value=134676480
type=GAUGE, name=jvm.memory.total.max, value=1866465279
type=GAUGE, name=jvm.memory.total.used, value=306129216
type=GAUGE, name=jvm.thread-states.blocked.count, value=0
type=GAUGE, name=jvm.thread-states.count, value=34
type=GAUGE, name=jvm.thread-states.daemon.count, value=10
type=GAUGE, name=jvm.thread-states.deadlock.count, value=0
type=GAUGE, name=jvm.thread-states.deadlocks, value=[]
type=GAUGE, name=jvm.thread-states.new.count, value=0
type=GAUGE, name=jvm.thread-states.runnable.count, value=7
type=GAUGE, name=jvm.thread-states.terminated.count, value=0
type=GAUGE, name=jvm.thread-states.timed_waiting.count, value=23
type=GAUGE, name=jvm.thread-states.waiting.count, value=4
type=METER, name=org.jasig.cas.CentralAuthenticationServiceImpl.CREATE_TICKET_GRANTING_TICKET_METER, count=1, mean_rate=0.0, m1=0.0, m5=0.0, m15=0.0, rate_unit=events/millisecond
type=METER, name=org.jasig.cas.CentralAuthenticationServiceImpl.DESTROY_TICKET_GRANTING_TICKET_METER, count=0, mean_rate=0.0, m1=0.0, m5=0.0, m15=0.0, rate_unit=events/millisecond
type=METER, name=org.jasig.cas.CentralAuthenticationServiceImpl.GET_TICKETS_METER, count=1, mean_rate=0.0, m1=0.0, m5=0.0, m15=0.0, rate_unit=events/millisecond
type=METER, name=org.jasig.cas.CentralAuthenticationServiceImpl.GET_TICKET_METER, count=0, mean_rate=0.0, m1=0.0, m5=0.0, m15=0.0, rate_unit=events/millisecond
type=METER, name=org.jasig.cas.CentralAuthenticationServiceImpl.GRANT_PROXY_GRANTING_TICKET_METER, count=0, mean_rate=0.0, m1=0.0, m5=0.0, m15=0.0, rate_unit=events/millisecond
type=METER, name=org.jasig.cas.CentralAuthenticationServiceImpl.GRANT_SERVICE_TICKET_METER, count=0, mean_rate=0.0, m1=0.0, m5=0.0, m15=0.0, rate_unit=events/millisecond
type=METER, name=org.jasig.cas.CentralAuthenticationServiceImpl.VALIDATE_SERVICE_TICKET_METER, count=0, mean_rate=0.0, m1=0.0, m5=0.0, m15=0.0, rate_unit=events/millisecond
type=TIMER, name=org.jasig.cas.CentralAuthenticationServiceImpl.CREATE_TICKET_GRANTING_TICKET_TIMER, count=1, min=30145.162688, max=30145.162688, mean=30145.162688, stddev=0.0, median=30145.162688, p75=30145.162688, p95=30145.162688, p98=30145.162688, p99=30145.162688, p999=30145.162688, mean_rate=0.0, m1=0.0, m5=0.0, m15=0.0, rate_unit=events/millisecond, duration_unit=milliseconds
type=TIMER, name=org.jasig.cas.CentralAuthenticationServiceImpl.DESTROY_TICKET_GRANTING_TICKET_TIMER, count=0, min=0.0, max=0.0, mean=0.0, stddev=0.0, median=0.0, p75=0.0, p95=0.0, p98=0.0, p99=0.0, p999=0.0, mean_rate=0.0, m1=0.0, m5=0.0, m15=0.0, rate_unit=events/millisecond, duration_unit=milliseconds
type=TIMER, name=org.jasig.cas.CentralAuthenticationServiceImpl.GET_TICKETS_TIMER, count=1, min=0.153306, max=0.153306, mean=0.153306, stddev=0.0, median=0.153306, p75=0.153306, p95=0.153306, p98=0.153306, p99=0.153306, p999=0.153306, mean_rate=0.0, m1=0.0, m5=0.0, m15=0.0, rate_unit=events/millisecond, duration_unit=milliseconds
type=TIMER, name=org.jasig.cas.CentralAuthenticationServiceImpl.GET_TICKET_TIMER, count=0, min=0.0, max=0.0, mean=0.0, stddev=0.0, median=0.0, p75=0.0, p95=0.0, p98=0.0, p99=0.0, p999=0.0, mean_rate=0.0, m1=0.0, m5=0.0, m15=0.0, rate_unit=events/millisecond, duration_unit=milliseconds
type=TIMER, name=org.jasig.cas.CentralAuthenticationServiceImpl.GRANT_PROXY_GRANTING_TICKET_TIMER, count=0, min=0.0, max=0.0, mean=0.0, stddev=0.0, median=0.0, p75=0.0, p95=0.0, p98=0.0, p99=0.0, p999=0.0, mean_rate=0.0, m1=0.0, m5=0.0, m15=0.0, rate_unit=events/millisecond, duration_unit=milliseconds
type=TIMER, name=org.jasig.cas.CentralAuthenticationServiceImpl.GRANT_SERVICE_TICKET_TIMER, count=0, min=0.0, max=0.0, mean=0.0, stddev=0.0, median=0.0, p75=0.0, p95=0.0, p98=0.0, p99=0.0, p999=0.0, mean_rate=0.0, m1=0.0, m5=0.0, m15=0.0, rate_unit=events/millisecond, duration_unit=milliseconds
type=TIMER, name=org.jasig.cas.CentralAuthenticationServiceImpl.VALIDATE_SERVICE_TICKET_TIMER, count=0, min=0.0, max=0.0, mean=0.0, stddev=0.0, median=0.0, p75=0.0, p95=0.0, p98=0.0, p99=0.0, p999=0.0, mean_rate=0.0, m1=0.0, m5=0.0, m15=0.0, rate_unit=events/millisecond, duration_unit=milliseconds
type=GAUGE, name=jvm.fd.usage, value=0.07177734375
type=GAUGE, name=jvm.gc.PS-MarkSweep.count, value=2
type=GAUGE, name=jvm.gc.PS-MarkSweep.time, value=92
type=GAUGE, name=jvm.gc.PS-Scavenge.count, value=9
type=GAUGE, name=jvm.gc.PS-Scavenge.time, value=129
type=GAUGE, name=jvm.memory.heap.committed, value=430964736
type=GAUGE, name=jvm.memory.heap.init, value=132120576
type=GAUGE, name=jvm.memory.heap.max, value=1866465280
type=GAUGE, name=jvm.memory.heap.usage, value=0.1220556323447924
type=GAUGE, name=jvm.memory.heap.used, value=227812600
type=GAUGE, name=jvm.memory.non-heap.committed, value=83099648
type=GAUGE, name=jvm.memory.non-heap.init, value=2555904
type=GAUGE, name=jvm.memory.non-heap.max, value=-1
type=GAUGE, name=jvm.memory.non-heap.usage, value=-8.1499312E7
type=GAUGE, name=jvm.memory.non-heap.used, value=81499312
type=GAUGE, name=jvm.memory.pools.Code-Cache.committed, value=19136512
type=GAUGE, name=jvm.memory.pools.Code-Cache.init, value=2555904
type=GAUGE, name=jvm.memory.pools.Code-Cache.max, value=251658240
type=GAUGE, name=jvm.memory.pools.Code-Cache.usage, value=0.07547887166341145
type=GAUGE, name=jvm.memory.pools.Code-Cache.used, value=18994880
type=GAUGE, name=jvm.memory.pools.Compressed-Class-Space.committed, value=6815744
type=GAUGE, name=jvm.memory.pools.Compressed-Class-Space.init, value=0
type=GAUGE, name=jvm.memory.pools.Compressed-Class-Space.max, value=1073741824
type=GAUGE, name=jvm.memory.pools.Compressed-Class-Space.usage, value=0.00609106570482254
type=GAUGE, name=jvm.memory.pools.Compressed-Class-Space.used, value=6540232
type=GAUGE, name=jvm.memory.pools.Metaspace.committed, value=57147392
type=GAUGE, name=jvm.memory.pools.Metaspace.init, value=0
type=GAUGE, name=jvm.memory.pools.Metaspace.max, value=-1
type=GAUGE, name=jvm.memory.pools.Metaspace.usage, value=0.9792957830866542
type=GAUGE, name=jvm.memory.pools.Metaspace.used, value=55964200
type=GAUGE, name=jvm.memory.pools.PS-Eden-Space.committed, value=312999936
type=GAUGE, name=jvm.memory.pools.PS-Eden-Space.init, value=33554432
type=GAUGE, name=jvm.memory.pools.PS-Eden-Space.max, value=656408576
type=GAUGE, name=jvm.memory.pools.PS-Eden-Space.usage, value=0.268616088282186
type=GAUGE, name=jvm.memory.pools.PS-Eden-Space.used, value=176321904
type=GAUGE, name=jvm.memory.pools.PS-Old-Gen.committed, value=99614720
type=GAUGE, name=jvm.memory.pools.PS-Old-Gen.init, value=88080384
type=GAUGE, name=jvm.memory.pools.PS-Old-Gen.max, value=1399848960
type=GAUGE, name=jvm.memory.pools.PS-Old-Gen.usage, value=0.023677685912628744
type=GAUGE, name=jvm.memory.pools.PS-Old-Gen.used, value=33145184
type=GAUGE, name=jvm.memory.pools.PS-Survivor-Space.committed, value=18350080
type=GAUGE, name=jvm.memory.pools.PS-Survivor-Space.init, value=5242880
type=GAUGE, name=jvm.memory.pools.PS-Survivor-Space.max, value=18350080
type=GAUGE, name=jvm.memory.pools.PS-Survivor-Space.usage, value=0.9997510637555803
type=GAUGE, name=jvm.memory.pools.PS-Survivor-Space.used, value=18345512
type=GAUGE, name=jvm.memory.total.committed, value=514064384
type=GAUGE, name=jvm.memory.total.init, value=134676480
type=GAUGE, name=jvm.memory.total.max, value=1866465279
type=GAUGE, name=jvm.memory.total.used, value=309316872
type=GAUGE, name=jvm.thread-states.blocked.count, value=0
type=GAUGE, name=jvm.thread-states.count, value=34
type=GAUGE, name=jvm.thread-states.daemon.count, value=10
type=GAUGE, name=jvm.thread-states.deadlock.count, value=0
type=GAUGE, name=jvm.thread-states.deadlocks, value=[]
type=GAUGE, name=jvm.thread-states.new.count, value=0
type=GAUGE, name=jvm.thread-states.runnable.count, value=7
type=GAUGE, name=jvm.thread-states.terminated.count, value=0
type=GAUGE, name=jvm.thread-states.timed_waiting.count, value=23
type=GAUGE, name=jvm.thread-states.waiting.count, value=4
type=METER, name=org.jasig.cas.CentralAuthenticationServiceImpl.CREATE_TICKET_GRANTING_TICKET_METER, count=1, mean_rate=0.0, m1=0.0, m5=0.0, m15=0.0, rate_unit=events/millisecond
type=METER, name=org.jasig.cas.CentralAuthenticationServiceImpl.DESTROY_TICKET_GRANTING_TICKET_METER, count=0, mean_rate=0.0, m1=0.0, m5=0.0, m15=0.0, rate_unit=events/millisecond
type=METER, name=org.jasig.cas.CentralAuthenticationServiceImpl.GET_TICKETS_METER, count=1, mean_rate=0.0, m1=0.0, m5=0.0, m15=0.0, rate_unit=events/millisecond
type=METER, name=org.jasig.cas.CentralAuthenticationServiceImpl.GET_TICKET_METER, count=0, mean_rate=0.0, m1=0.0, m5=0.0, m15=0.0, rate_unit=events/millisecond
type=METER, name=org.jasig.cas.CentralAuthenticationServiceImpl.GRANT_PROXY_GRANTING_TICKET_METER, count=0, mean_rate=0.0, m1=0.0, m5=0.0, m15=0.0, rate_unit=events/millisecond
type=METER, name=org.jasig.cas.CentralAuthenticationServiceImpl.GRANT_SERVICE_TICKET_METER, count=0, mean_rate=0.0, m1=0.0, m5=0.0, m15=0.0, rate_unit=events/millisecond
type=METER, name=org.jasig.cas.CentralAuthenticationServiceImpl.VALIDATE_SERVICE_TICKET_METER, count=0, mean_rate=0.0, m1=0.0, m5=0.0, m15=0.0, rate_unit=events/millisecond
type=TIMER, name=org.jasig.cas.CentralAuthenticationServiceImpl.CREATE_TICKET_GRANTING_TICKET_TIMER, count=1, min=30145.162688, max=30145.162688, mean=30145.162688, stddev=0.0, median=30145.162688, p75=30145.162688, p95=30145.162688, p98=30145.162688, p99=30145.162688, p999=30145.162688, mean_rate=0.0, m1=0.0, m5=0.0, m15=0.0, rate_unit=events/millisecond, duration_unit=milliseconds
type=TIMER, name=org.jasig.cas.CentralAuthenticationServiceImpl.DESTROY_TICKET_GRANTING_TICKET_TIMER, count=0, min=0.0, max=0.0, mean=0.0, stddev=0.0, median=0.0, p75=0.0, p95=0.0, p98=0.0, p99=0.0, p999=0.0, mean_rate=0.0, m1=0.0, m5=0.0, m15=0.0, rate_unit=events/millisecond, duration_unit=milliseconds
type=TIMER, name=org.jasig.cas.CentralAuthenticationServiceImpl.GET_TICKETS_TIMER, count=1, min=0.153306, max=0.153306, mean=0.153306, stddev=0.0, median=0.153306, p75=0.153306, p95=0.153306, p98=0.153306, p99=0.153306, p999=0.153306, mean_rate=0.0, m1=0.0, m5=0.0, m15=0.0, rate_unit=events/millisecond, duration_unit=milliseconds
type=TIMER, name=org.jasig.cas.CentralAuthenticationServiceImpl.GET_TICKET_TIMER, count=0, min=0.0, max=0.0, mean=0.0, stddev=0.0, median=0.0, p75=0.0, p95=0.0, p98=0.0, p99=0.0, p999=0.0, mean_rate=0.0, m1=0.0, m5=0.0, m15=0.0, rate_unit=events/millisecond, duration_unit=milliseconds
type=TIMER, name=org.jasig.cas.CentralAuthenticationServiceImpl.GRANT_PROXY_GRANTING_TICKET_TIMER, count=0, min=0.0, max=0.0, mean=0.0, stddev=0.0, median=0.0, p75=0.0, p95=0.0, p98=0.0, p99=0.0, p999=0.0, mean_rate=0.0, m1=0.0, m5=0.0, m15=0.0, rate_unit=events/millisecond, duration_unit=milliseconds
type=TIMER, name=org.jasig.cas.CentralAuthenticationServiceImpl.GRANT_SERVICE_TICKET_TIMER, count=0, min=0.0, max=0.0, mean=0.0, stddev=0.0, median=0.0, p75=0.0, p95=0.0, p98=0.0, p99=0.0, p999=0.0, mean_rate=0.0, m1=0.0, m5=0.0, m15=0.0, rate_unit=events/millisecond, duration_unit=milliseconds
type=TIMER, name=org.jasig.cas.CentralAuthenticationServiceImpl.VALIDATE_SERVICE_TICKET_TIMER, count=0, min=0.0, max=0.0, mean=0.0, stddev=0.0, median=0.0, p75=0.0, p95=0.0, p98=0.0, p99=0.0, p999=0.0, mean_rate=0.0, m1=0.0, m5=0.0, m15=0.0, rate_unit=events/millisecond, duration_unit=milliseconds
type=GAUGE, name=jvm.fd.usage, value=0.07177734375
type=GAUGE, name=jvm.gc.PS-MarkSweep.count, value=2
type=GAUGE, name=jvm.gc.PS-MarkSweep.time, value=92
type=GAUGE, name=jvm.gc.PS-Scavenge.count, value=9
type=GAUGE, name=jvm.gc.PS-Scavenge.time, value=129
type=GAUGE, name=jvm.memory.heap.committed, value=430964736
type=GAUGE, name=jvm.memory.heap.init, value=132120576
type=GAUGE, name=jvm.memory.heap.max, value=1866465280
type=GAUGE, name=jvm.memory.heap.usage, value=0.1228941370931904
type=GAUGE, name=jvm.memory.heap.used, value=229377640
type=GAUGE, name=jvm.memory.non-heap.committed, value=83099648
type=GAUGE, name=jvm.memory.non-heap.init, value=2555904
type=GAUGE, name=jvm.memory.non-heap.max, value=-1
type=GAUGE, name=jvm.memory.non-heap.usage, value=-8.1528152E7
type=GAUGE, name=jvm.memory.non-heap.used, value=81528152
type=GAUGE, name=jvm.memory.pools.Code-Cache.committed, value=19136512
type=GAUGE, name=jvm.memory.pools.Code-Cache.init, value=2555904
type=GAUGE, name=jvm.memory.pools.Code-Cache.max, value=251658240
type=GAUGE, name=jvm.memory.pools.Code-Cache.usage, value=0.07558008829752604
type=GAUGE, name=jvm.memory.pools.Code-Cache.used, value=19020352
type=GAUGE, name=jvm.memory.pools.Compressed-Class-Space.committed, value=6815744
type=GAUGE, name=jvm.memory.pools.Compressed-Class-Space.init, value=0
type=GAUGE, name=jvm.memory.pools.Compressed-Class-Space.max, value=1073741824
type=GAUGE, name=jvm.memory.pools.Compressed-Class-Space.usage, value=0.00609106570482254
type=GAUGE, name=jvm.memory.pools.Compressed-Class-Space.used, value=6540232
type=GAUGE, name=jvm.memory.pools.Metaspace.committed, value=57147392
type=GAUGE, name=jvm.memory.pools.Metaspace.init, value=0
type=GAUGE, name=jvm.memory.pools.Metaspace.max, value=-1
type=GAUGE, name=jvm.memory.pools.Metaspace.usage, value=0.9793607379318378
type=GAUGE, name=jvm.memory.pools.Metaspace.used, value=55967912
type=GAUGE, name=jvm.memory.pools.PS-Eden-Space.committed, value=312999936
type=GAUGE, name=jvm.memory.pools.PS-Eden-Space.init, value=33554432
type=GAUGE, name=jvm.memory.pools.PS-Eden-Space.max, value=656408576
type=GAUGE, name=jvm.memory.pools.PS-Eden-Space.usage, value=0.27100033501085763
type=GAUGE, name=jvm.memory.pools.PS-Eden-Space.used, value=177886944
type=GAUGE, name=jvm.memory.pools.PS-Old-Gen.committed, value=99614720
type=GAUGE, name=jvm.memory.pools.PS-Old-Gen.init, value=88080384
type=GAUGE, name=jvm.memory.pools.PS-Old-Gen.max, value=1399848960
type=GAUGE, name=jvm.memory.pools.PS-Old-Gen.usage, value=0.023677685912628744
type=GAUGE, name=jvm.memory.pools.PS-Old-Gen.used, value=33145184
type=GAUGE, name=jvm.memory.pools.PS-Survivor-Space.committed, value=18350080
type=GAUGE, name=jvm.memory.pools.PS-Survivor-Space.init, value=5242880
type=GAUGE, name=jvm.memory.pools.PS-Survivor-Space.max, value=18350080
type=GAUGE, name=jvm.memory.pools.PS-Survivor-Space.usage, value=0.9997510637555803
type=GAUGE, name=jvm.memory.pools.PS-Survivor-Space.used, value=18345512
type=GAUGE, name=jvm.memory.total.committed, value=514064384
type=GAUGE, name=jvm.memory.total.init, value=134676480
type=GAUGE, name=jvm.memory.total.max, value=1866465279
type=GAUGE, name=jvm.memory.total.used, value=310907032
type=GAUGE, name=jvm.thread-states.blocked.count, value=0
type=GAUGE, name=jvm.thread-states.count, value=34
type=GAUGE, name=jvm.thread-states.daemon.count, value=10
type=GAUGE, name=jvm.thread-states.deadlock.count, value=0
type=GAUGE, name=jvm.thread-states.deadlocks, value=[]
type=GAUGE, name=jvm.thread-states.new.count, value=0
type=GAUGE, name=jvm.thread-states.runnable.count, value=7
type=GAUGE, name=jvm.thread-states.terminated.count, value=0
type=GAUGE, name=jvm.thread-states.timed_waiting.count, value=23
type=GAUGE, name=jvm.thread-states.waiting.count, value=4
type=METER, name=org.jasig.cas.CentralAuthenticationServiceImpl.CREATE_TICKET_GRANTING_TICKET_METER, count=1, mean_rate=0.0, m1=0.0, m5=0.0, m15=0.0, rate_unit=events/millisecond
type=METER, name=org.jasig.cas.CentralAuthenticationServiceImpl.DESTROY_TICKET_GRANTING_TICKET_METER, count=0, mean_rate=0.0, m1=0.0, m5=0.0, m15=0.0, rate_unit=events/millisecond
type=METER, name=org.jasig.cas.CentralAuthenticationServiceImpl.GET_TICKETS_METER, count=1, mean_rate=0.0, m1=0.0, m5=0.0, m15=0.0, rate_unit=events/millisecond
type=METER, name=org.jasig.cas.CentralAuthenticationServiceImpl.GET_TICKET_METER, count=0, mean_rate=0.0, m1=0.0, m5=0.0, m15=0.0, rate_unit=events/millisecond
type=METER, name=org.jasig.cas.CentralAuthenticationServiceImpl.GRANT_PROXY_GRANTING_TICKET_METER, count=0, mean_rate=0.0, m1=0.0, m5=0.0, m15=0.0, rate_unit=events/millisecond
type=METER, name=org.jasig.cas.CentralAuthenticationServiceImpl.GRANT_SERVICE_TICKET_METER, count=0, mean_rate=0.0, m1=0.0, m5=0.0, m15=0.0, rate_unit=events/millisecond
type=METER, name=org.jasig.cas.CentralAuthenticationServiceImpl.VALIDATE_SERVICE_TICKET_METER, count=0, mean_rate=0.0, m1=0.0, m5=0.0, m15=0.0, rate_unit=events/millisecond
type=TIMER, name=org.jasig.cas.CentralAuthenticationServiceImpl.CREATE_TICKET_GRANTING_TICKET_TIMER, count=1, min=30145.162688, max=30145.162688, mean=30145.162688, stddev=0.0, median=30145.162688, p75=30145.162688, p95=30145.162688, p98=30145.162688, p99=30145.162688, p999=30145.162688, mean_rate=0.0, m1=0.0, m5=0.0, m15=0.0, rate_unit=events/millisecond, duration_unit=milliseconds
type=TIMER, name=org.jasig.cas.CentralAuthenticationServiceImpl.DESTROY_TICKET_GRANTING_TICKET_TIMER, count=0, min=0.0, max=0.0, mean=0.0, stddev=0.0, median=0.0, p75=0.0, p95=0.0, p98=0.0, p99=0.0, p999=0.0, mean_rate=0.0, m1=0.0, m5=0.0, m15=0.0, rate_unit=events/millisecond, duration_unit=milliseconds
type=TIMER, name=org.jasig.cas.CentralAuthenticationServiceImpl.GET_TICKETS_TIMER, count=1, min=0.153306, max=0.153306, mean=0.153306, stddev=0.0, median=0.153306, p75=0.153306, p95=0.153306, p98=0.153306, p99=0.153306, p999=0.153306, mean_rate=0.0, m1=0.0, m5=0.0, m15=0.0, rate_unit=events/millisecond, duration_unit=milliseconds
type=TIMER, name=org.jasig.cas.CentralAuthenticationServiceImpl.GET_TICKET_TIMER, count=0, min=0.0, max=0.0, mean=0.0, stddev=0.0, median=0.0, p75=0.0, p95=0.0, p98=0.0, p99=0.0, p999=0.0, mean_rate=0.0, m1=0.0, m5=0.0, m15=0.0, rate_unit=events/millisecond, duration_unit=milliseconds
type=TIMER, name=org.jasig.cas.CentralAuthenticationServiceImpl.GRANT_PROXY_GRANTING_TICKET_TIMER, count=0, min=0.0, max=0.0, mean=0.0, stddev=0.0, median=0.0, p75=0.0, p95=0.0, p98=0.0, p99=0.0, p999=0.0, mean_rate=0.0, m1=0.0, m5=0.0, m15=0.0, rate_unit=events/millisecond, duration_unit=milliseconds
type=TIMER, name=org.jasig.cas.CentralAuthenticationServiceImpl.GRANT_SERVICE_TICKET_TIMER, count=0, min=0.0, max=0.0, mean=0.0, stddev=0.0, median=0.0, p75=0.0, p95=0.0, p98=0.0, p99=0.0, p999=0.0, mean_rate=0.0, m1=0.0, m5=0.0, m15=0.0, rate_unit=events/millisecond, duration_unit=milliseconds
type=TIMER, name=org.jasig.cas.CentralAuthenticationServiceImpl.VALIDATE_SERVICE_TICKET_TIMER, count=0, min=0.0, max=0.0, mean=0.0, stddev=0.0, median=0.0, p75=0.0, p95=0.0, p98=0.0, p99=0.0, p999=0.0, mean_rate=0.0, m1=0.0, m5=0.0, m15=0.0, rate_unit=events/millisecond, duration_unit=milliseconds
type=GAUGE, name=jvm.fd.usage, value=0.07177734375
type=GAUGE, name=jvm.gc.PS-MarkSweep.count, value=2
type=GAUGE, name=jvm.gc.PS-MarkSweep.time, value=92
type=GAUGE, name=jvm.gc.PS-Scavenge.count, value=9
type=GAUGE, name=jvm.gc.PS-Scavenge.time, value=129
type=GAUGE, name=jvm.memory.heap.committed, value=430964736
type=GAUGE, name=jvm.memory.heap.init, value=132120576
type=GAUGE, name=jvm.memory.heap.max, value=1866465280
type=GAUGE, name=jvm.memory.heap.usage, value=0.12624812608354546
type=GAUGE, name=jvm.memory.heap.used, value=235637744
type=GAUGE, name=jvm.memory.non-heap.committed, value=83165184
type=GAUGE, name=jvm.memory.non-heap.init, value=2555904
type=GAUGE, name=jvm.memory.non-heap.max, value=-1
type=GAUGE, name=jvm.memory.non-heap.usage, value=-8.1575552E7
type=GAUGE, name=jvm.memory.non-heap.used, value=81575552
type=GAUGE, name=jvm.memory.pools.Code-Cache.committed, value=19202048
type=GAUGE, name=jvm.memory.pools.Code-Cache.init, value=2555904
type=GAUGE, name=jvm.memory.pools.Code-Cache.max, value=251658240
type=GAUGE, name=jvm.memory.pools.Code-Cache.usage, value=0.0757354736328125
type=GAUGE, name=jvm.memory.pools.Code-Cache.used, value=19059456
type=GAUGE, name=jvm.memory.pools.Compressed-Class-Space.committed, value=6815744
type=GAUGE, name=jvm.memory.pools.Compressed-Class-Space.init, value=0
type=GAUGE, name=jvm.memory.pools.Compressed-Class-Space.max, value=1073741824
type=GAUGE, name=jvm.memory.pools.Compressed-Class-Space.usage, value=0.00609106570482254
type=GAUGE, name=jvm.memory.pools.Compressed-Class-Space.used, value=6540232
type=GAUGE, name=jvm.memory.pools.Metaspace.committed, value=57147392
type=GAUGE, name=jvm.memory.pools.Metaspace.init, value=0
type=GAUGE, name=jvm.memory.pools.Metaspace.max, value=-1
type=GAUGE, name=jvm.memory.pools.Metaspace.usage, value=0.9794998868889765
type=GAUGE, name=jvm.memory.pools.Metaspace.used, value=55975864
type=GAUGE, name=jvm.memory.pools.PS-Eden-Space.committed, value=312999936
type=GAUGE, name=jvm.memory.pools.PS-Eden-Space.init, value=33554432
type=GAUGE, name=jvm.memory.pools.PS-Eden-Space.max, value=656408576
type=GAUGE, name=jvm.memory.pools.PS-Eden-Space.usage, value=0.2805372366128257
type=GAUGE, name=jvm.memory.pools.PS-Eden-Space.used, value=184147048
type=GAUGE, name=jvm.memory.pools.PS-Old-Gen.committed, value=99614720
type=GAUGE, name=jvm.memory.pools.PS-Old-Gen.init, value=88080384
type=GAUGE, name=jvm.memory.pools.PS-Old-Gen.max, value=1399848960
type=GAUGE, name=jvm.memory.pools.PS-Old-Gen.usage, value=0.023677685912628744
type=GAUGE, name=jvm.memory.pools.PS-Old-Gen.used, value=33145184
type=GAUGE, name=jvm.memory.pools.PS-Survivor-Space.committed, value=18350080
type=GAUGE, name=jvm.memory.pools.PS-Survivor-Space.init, value=5242880
type=GAUGE, name=jvm.memory.pools.PS-Survivor-Space.max, value=18350080
type=GAUGE, name=jvm.memory.pools.PS-Survivor-Space.usage, value=0.9997510637555803
type=GAUGE, name=jvm.memory.pools.PS-Survivor-Space.used, value=18345512
type=GAUGE, name=jvm.memory.total.committed, value=514129920
type=GAUGE, name=jvm.memory.total.init, value=134676480
type=GAUGE, name=jvm.memory.total.max, value=1866465279
type=GAUGE, name=jvm.memory.total.used, value=317213296
type=GAUGE, name=jvm.thread-states.blocked.count, value=0
type=GAUGE, name=jvm.thread-states.count, value=34
type=GAUGE, name=jvm.thread-states.daemon.count, value=10
type=GAUGE, name=jvm.thread-states.deadlock.count, value=0
type=GAUGE, name=jvm.thread-states.deadlocks, value=[]
type=GAUGE, name=jvm.thread-states.new.count, value=0
type=GAUGE, name=jvm.thread-states.runnable.count, value=7
type=GAUGE, name=jvm.thread-states.terminated.count, value=0
type=GAUGE, name=jvm.thread-states.timed_waiting.count, value=23
type=GAUGE, name=jvm.thread-states.waiting.count, value=4
type=METER, name=org.jasig.cas.CentralAuthenticationServiceImpl.CREATE_TICKET_GRANTING_TICKET_METER, count=1, mean_rate=0.0, m1=0.0, m5=0.0, m15=0.0, rate_unit=events/millisecond
type=METER, name=org.jasig.cas.CentralAuthenticationServiceImpl.DESTROY_TICKET_GRANTING_TICKET_METER, count=0, mean_rate=0.0, m1=0.0, m5=0.0, m15=0.0, rate_unit=events/millisecond
type=METER, name=org.jasig.cas.CentralAuthenticationServiceImpl.GET_TICKETS_METER, count=1, mean_rate=0.0, m1=0.0, m5=0.0, m15=0.0, rate_unit=events/millisecond
type=METER, name=org.jasig.cas.CentralAuthenticationServiceImpl.GET_TICKET_METER, count=0, mean_rate=0.0, m1=0.0, m5=0.0, m15=0.0, rate_unit=events/millisecond
type=METER, name=org.jasig.cas.CentralAuthenticationServiceImpl.GRANT_PROXY_GRANTING_TICKET_METER, count=0, mean_rate=0.0, m1=0.0, m5=0.0, m15=0.0, rate_unit=events/millisecond
type=METER, name=org.jasig.cas.CentralAuthenticationServiceImpl.GRANT_SERVICE_TICKET_METER, count=0, mean_rate=0.0, m1=0.0, m5=0.0, m15=0.0, rate_unit=events/millisecond
type=METER, name=org.jasig.cas.CentralAuthenticationServiceImpl.VALIDATE_SERVICE_TICKET_METER, count=0, mean_rate=0.0, m1=0.0, m5=0.0, m15=0.0, rate_unit=events/millisecond
type=TIMER, name=org.jasig.cas.CentralAuthenticationServiceImpl.CREATE_TICKET_GRANTING_TICKET_TIMER, count=1, min=30145.162688, max=30145.162688, mean=30145.162688, stddev=0.0, median=30145.162688, p75=30145.162688, p95=30145.162688, p98=30145.162688, p99=30145.162688, p999=30145.162688, mean_rate=0.0, m1=0.0, m5=0.0, m15=0.0, rate_unit=events/millisecond, duration_unit=milliseconds
type=TIMER, name=org.jasig.cas.CentralAuthenticationServiceImpl.DESTROY_TICKET_GRANTING_TICKET_TIMER, count=0, min=0.0, max=0.0, mean=0.0, stddev=0.0, median=0.0, p75=0.0, p95=0.0, p98=0.0, p99=0.0, p999=0.0, mean_rate=0.0, m1=0.0, m5=0.0, m15=0.0, rate_unit=events/millisecond, duration_unit=milliseconds
type=TIMER, name=org.jasig.cas.CentralAuthenticationServiceImpl.GET_TICKETS_TIMER, count=1, min=0.153306, max=0.153306, mean=0.153306, stddev=0.0, median=0.153306, p75=0.153306, p95=0.153306, p98=0.153306, p99=0.153306, p999=0.153306, mean_rate=0.0, m1=0.0, m5=0.0, m15=0.0, rate_unit=events/millisecond, duration_unit=milliseconds
type=TIMER, name=org.jasig.cas.CentralAuthenticationServiceImpl.GET_TICKET_TIMER, count=0, min=0.0, max=0.0, mean=0.0, stddev=0.0, median=0.0, p75=0.0, p95=0.0, p98=0.0, p99=0.0, p999=0.0, mean_rate=0.0, m1=0.0, m5=0.0, m15=0.0, rate_unit=events/millisecond, duration_unit=milliseconds
type=TIMER, name=org.jasig.cas.CentralAuthenticationServiceImpl.GRANT_PROXY_GRANTING_TICKET_TIMER, count=0, min=0.0, max=0.0, mean=0.0, stddev=0.0, median=0.0, p75=0.0, p95=0.0, p98=0.0, p99=0.0, p999=0.0, mean_rate=0.0, m1=0.0, m5=0.0, m15=0.0, rate_unit=events/millisecond, duration_unit=milliseconds
type=TIMER, name=org.jasig.cas.CentralAuthenticationServiceImpl.GRANT_SERVICE_TICKET_TIMER, count=0, min=0.0, max=0.0, mean=0.0, stddev=0.0, median=0.0, p75=0.0, p95=0.0, p98=0.0, p99=0.0, p999=0.0, mean_rate=0.0, m1=0.0, m5=0.0, m15=0.0, rate_unit=events/millisecond, duration_unit=milliseconds
type=TIMER, name=org.jasig.cas.CentralAuthenticationServiceImpl.VALIDATE_SERVICE_TICKET_TIMER, count=0, min=0.0, max=0.0, mean=0.0, stddev=0.0, median=0.0, p75=0.0, p95=0.0, p98=0.0, p99=0.0, p999=0.0, mean_rate=0.0, m1=0.0, m5=0.0, m15=0.0, rate_unit=events/millisecond, duration_unit=milliseconds
