type=GAUGE, name=jvm.fd.usage, value=0.072265625
type=GAUGE, name=jvm.gc.PS-MarkSweep.count, value=2
type=GAUGE, name=jvm.gc.PS-MarkSweep.time, value=73
type=GAUGE, name=jvm.gc.PS-Scavenge.count, value=12
type=GAUGE, name=jvm.gc.PS-Scavenge.time, value=116
type=GAUGE, name=jvm.memory.heap.committed, value=372244480
type=GAUGE, name=jvm.memory.heap.init, value=132120576
type=GAUGE, name=jvm.memory.heap.max, value=1866465280
type=GAUGE, name=jvm.memory.heap.usage, value=0.05289430939749386
type=GAUGE, name=jvm.memory.heap.used, value=98725392
type=GAUGE, name=jvm.memory.non-heap.committed, value=81461248
type=GAUGE, name=jvm.memory.non-heap.init, value=2555904
type=GAUGE, name=jvm.memory.non-heap.max, value=-1
type=GAUGE, name=jvm.memory.non-heap.usage, value=-8.0052528E7
type=GAUGE, name=jvm.memory.non-heap.used, value=80052592
type=GAUGE, name=jvm.memory.pools.Code-Cache.committed, value=18022400
type=GAUGE, name=jvm.memory.pools.Code-Cache.init, value=2555904
type=GAUGE, name=jvm.memory.pools.Code-Cache.max, value=251658240
type=GAUGE, name=jvm.memory.pools.Code-Cache.usage, value=0.07111129760742188
type=GAUGE, name=jvm.memory.pools.Code-Cache.used, value=17894976
type=GAUGE, name=jvm.memory.pools.Compressed-Class-Space.committed, value=6684672
type=GAUGE, name=jvm.memory.pools.Compressed-Class-Space.init, value=0
type=GAUGE, name=jvm.memory.pools.Compressed-Class-Space.max, value=1073741824
type=GAUGE, name=jvm.memory.pools.Compressed-Class-Space.usage, value=0.006055846810340881
type=GAUGE, name=jvm.memory.pools.Compressed-Class-Space.used, value=6502416
type=GAUGE, name=jvm.memory.pools.Metaspace.committed, value=56754176
type=GAUGE, name=jvm.memory.pools.Metaspace.init, value=0
type=GAUGE, name=jvm.memory.pools.Metaspace.max, value=-1
type=GAUGE, name=jvm.memory.pools.Metaspace.usage, value=0.9806570709439953
type=GAUGE, name=jvm.memory.pools.Metaspace.used, value=55656384
type=GAUGE, name=jvm.memory.pools.PS-Eden-Space.committed, value=257949696
type=GAUGE, name=jvm.memory.pools.PS-Eden-Space.init, value=33554432
type=GAUGE, name=jvm.memory.pools.PS-Eden-Space.max, value=660078592
type=GAUGE, name=jvm.memory.pools.PS-Eden-Space.usage, value=0.06795842880479298
type=GAUGE, name=jvm.memory.pools.PS-Eden-Space.used, value=44857904
type=GAUGE, name=jvm.memory.pools.PS-Old-Gen.committed, value=96468992
type=GAUGE, name=jvm.memory.pools.PS-Old-Gen.init, value=88080384
type=GAUGE, name=jvm.memory.pools.PS-Old-Gen.max, value=1399848960
type=GAUGE, name=jvm.memory.pools.PS-Old-Gen.usage, value=0.026009074579017438
type=GAUGE, name=jvm.memory.pools.PS-Old-Gen.used, value=36408776
type=GAUGE, name=jvm.memory.pools.PS-Survivor-Space.committed, value=17825792
type=GAUGE, name=jvm.memory.pools.PS-Survivor-Space.init, value=5242880
type=GAUGE, name=jvm.memory.pools.PS-Survivor-Space.max, value=17825792
type=GAUGE, name=jvm.memory.pools.PS-Survivor-Space.usage, value=0.979407366584329
type=GAUGE, name=jvm.memory.pools.PS-Survivor-Space.used, value=17458712
type=GAUGE, name=jvm.memory.total.committed, value=453705728
type=GAUGE, name=jvm.memory.total.init, value=134676480
type=GAUGE, name=jvm.memory.total.max, value=1866465279
type=GAUGE, name=jvm.memory.total.used, value=178781992
type=GAUGE, name=jvm.thread-states.blocked.count, value=0
type=GAUGE, name=jvm.thread-states.count, value=30
type=GAUGE, name=jvm.thread-states.daemon.count, value=6
type=GAUGE, name=jvm.thread-states.deadlock.count, value=0
type=GAUGE, name=jvm.thread-states.deadlocks, value=[]
type=GAUGE, name=jvm.thread-states.new.count, value=0
type=GAUGE, name=jvm.thread-states.runnable.count, value=8
type=GAUGE, name=jvm.thread-states.terminated.count, value=0
type=GAUGE, name=jvm.thread-states.timed_waiting.count, value=18
type=GAUGE, name=jvm.thread-states.waiting.count, value=4
type=METER, name=org.jasig.cas.CentralAuthenticationServiceImpl.CREATE_TICKET_GRANTING_TICKET_METER, count=1, mean_rate=0.0, m1=0.0, m5=0.0, m15=0.0, rate_unit=events/millisecond
type=METER, name=org.jasig.cas.CentralAuthenticationServiceImpl.DESTROY_TICKET_GRANTING_TICKET_METER, count=0, mean_rate=0.0, m1=0.0, m5=0.0, m15=0.0, rate_unit=events/millisecond
type=METER, name=org.jasig.cas.CentralAuthenticationServiceImpl.GET_TICKETS_METER, count=1, mean_rate=0.0, m1=0.0, m5=0.0, m15=0.0, rate_unit=events/millisecond
type=METER, name=org.jasig.cas.CentralAuthenticationServiceImpl.GET_TICKET_METER, count=0, mean_rate=0.0, m1=0.0, m5=0.0, m15=0.0, rate_unit=events/millisecond
type=METER, name=org.jasig.cas.CentralAuthenticationServiceImpl.GRANT_PROXY_GRANTING_TICKET_METER, count=0, mean_rate=0.0, m1=0.0, m5=0.0, m15=0.0, rate_unit=events/millisecond
type=METER, name=org.jasig.cas.CentralAuthenticationServiceImpl.GRANT_SERVICE_TICKET_METER, count=0, mean_rate=0.0, m1=0.0, m5=0.0, m15=0.0, rate_unit=events/millisecond
type=METER, name=org.jasig.cas.CentralAuthenticationServiceImpl.VALIDATE_SERVICE_TICKET_METER, count=0, mean_rate=0.0, m1=0.0, m5=0.0, m15=0.0, rate_unit=events/millisecond
type=TIMER, name=org.jasig.cas.CentralAuthenticationServiceImpl.CREATE_TICKET_GRANTING_TICKET_TIMER, count=0, min=0.0, max=0.0, mean=0.0, stddev=0.0, median=0.0, p75=0.0, p95=0.0, p98=0.0, p99=0.0, p999=0.0, mean_rate=0.0, m1=0.0, m5=0.0, m15=0.0, rate_unit=events/millisecond, duration_unit=milliseconds
type=TIMER, name=org.jasig.cas.CentralAuthenticationServiceImpl.DESTROY_TICKET_GRANTING_TICKET_TIMER, count=0, min=0.0, max=0.0, mean=0.0, stddev=0.0, median=0.0, p75=0.0, p95=0.0, p98=0.0, p99=0.0, p999=0.0, mean_rate=0.0, m1=0.0, m5=0.0, m15=0.0, rate_unit=events/millisecond, duration_unit=milliseconds
type=TIMER, name=org.jasig.cas.CentralAuthenticationServiceImpl.GET_TICKETS_TIMER, count=1, min=0.14288199999999998, max=0.14288199999999998, mean=0.14288199999999998, stddev=0.0, median=0.14288199999999998, p75=0.14288199999999998, p95=0.14288199999999998, p98=0.14288199999999998, p99=0.14288199999999998, p999=0.14288199999999998, mean_rate=0.0, m1=0.0, m5=0.0, m15=0.0, rate_unit=events/millisecond, duration_unit=milliseconds
type=TIMER, name=org.jasig.cas.CentralAuthenticationServiceImpl.GET_TICKET_TIMER, count=0, min=0.0, max=0.0, mean=0.0, stddev=0.0, median=0.0, p75=0.0, p95=0.0, p98=0.0, p99=0.0, p999=0.0, mean_rate=0.0, m1=0.0, m5=0.0, m15=0.0, rate_unit=events/millisecond, duration_unit=milliseconds
type=TIMER, name=org.jasig.cas.CentralAuthenticationServiceImpl.GRANT_PROXY_GRANTING_TICKET_TIMER, count=0, min=0.0, max=0.0, mean=0.0, stddev=0.0, median=0.0, p75=0.0, p95=0.0, p98=0.0, p99=0.0, p999=0.0, mean_rate=0.0, m1=0.0, m5=0.0, m15=0.0, rate_unit=events/millisecond, duration_unit=milliseconds
type=TIMER, name=org.jasig.cas.CentralAuthenticationServiceImpl.GRANT_SERVICE_TICKET_TIMER, count=0, min=0.0, max=0.0, mean=0.0, stddev=0.0, median=0.0, p75=0.0, p95=0.0, p98=0.0, p99=0.0, p999=0.0, mean_rate=0.0, m1=0.0, m5=0.0, m15=0.0, rate_unit=events/millisecond, duration_unit=milliseconds
type=TIMER, name=org.jasig.cas.CentralAuthenticationServiceImpl.VALIDATE_SERVICE_TICKET_TIMER, count=0, min=0.0, max=0.0, mean=0.0, stddev=0.0, median=0.0, p75=0.0, p95=0.0, p98=0.0, p99=0.0, p999=0.0, mean_rate=0.0, m1=0.0, m5=0.0, m15=0.0, rate_unit=events/millisecond, duration_unit=milliseconds
type=GAUGE, name=jvm.fd.usage, value=0.07177734375
type=GAUGE, name=jvm.gc.PS-MarkSweep.count, value=2
type=GAUGE, name=jvm.gc.PS-MarkSweep.time, value=73
type=GAUGE, name=jvm.gc.PS-Scavenge.count, value=12
type=GAUGE, name=jvm.gc.PS-Scavenge.time, value=116
type=GAUGE, name=jvm.memory.heap.committed, value=372244480
type=GAUGE, name=jvm.memory.heap.init, value=132120576
type=GAUGE, name=jvm.memory.heap.max, value=1866465280
type=GAUGE, name=jvm.memory.heap.usage, value=0.07934769191099017
type=GAUGE, name=jvm.memory.heap.used, value=148099712
type=GAUGE, name=jvm.memory.non-heap.committed, value=82640896
type=GAUGE, name=jvm.memory.non-heap.init, value=2555904
type=GAUGE, name=jvm.memory.non-heap.max, value=-1
type=GAUGE, name=jvm.memory.non-heap.usage, value=-8.1101632E7
type=GAUGE, name=jvm.memory.non-heap.used, value=81101632
type=GAUGE, name=jvm.memory.pools.Code-Cache.committed, value=18415616
type=GAUGE, name=jvm.memory.pools.Code-Cache.init, value=2555904
type=GAUGE, name=jvm.memory.pools.Code-Cache.max, value=251658240
type=GAUGE, name=jvm.memory.pools.Code-Cache.usage, value=0.07274322509765625
type=GAUGE, name=jvm.memory.pools.Code-Cache.used, value=18306432
type=GAUGE, name=jvm.memory.pools.Compressed-Class-Space.committed, value=6815744
type=GAUGE, name=jvm.memory.pools.Compressed-Class-Space.init, value=0
type=GAUGE, name=jvm.memory.pools.Compressed-Class-Space.max, value=1073741824
type=GAUGE, name=jvm.memory.pools.Compressed-Class-Space.usage, value=0.00611703097820282
type=GAUGE, name=jvm.memory.pools.Compressed-Class-Space.used, value=6568112
type=GAUGE, name=jvm.memory.pools.Metaspace.committed, value=57409536
type=GAUGE, name=jvm.memory.pools.Metaspace.init, value=0
type=GAUGE, name=jvm.memory.pools.Metaspace.max, value=-1
type=GAUGE, name=jvm.memory.pools.Metaspace.usage, value=0.979510581656678
type=GAUGE, name=jvm.memory.pools.Metaspace.used, value=56233248
type=GAUGE, name=jvm.memory.pools.PS-Eden-Space.committed, value=257949696
type=GAUGE, name=jvm.memory.pools.PS-Eden-Space.init, value=33554432
type=GAUGE, name=jvm.memory.pools.PS-Eden-Space.max, value=660078592
type=GAUGE, name=jvm.memory.pools.PS-Eden-Space.usage, value=0.14275909738942116
type=GAUGE, name=jvm.memory.pools.PS-Eden-Space.used, value=94232224
type=GAUGE, name=jvm.memory.pools.PS-Old-Gen.committed, value=96468992
type=GAUGE, name=jvm.memory.pools.PS-Old-Gen.init, value=88080384
type=GAUGE, name=jvm.memory.pools.PS-Old-Gen.max, value=1399848960
type=GAUGE, name=jvm.memory.pools.PS-Old-Gen.usage, value=0.026009074579017438
type=GAUGE, name=jvm.memory.pools.PS-Old-Gen.used, value=36408776
type=GAUGE, name=jvm.memory.pools.PS-Survivor-Space.committed, value=17825792
type=GAUGE, name=jvm.memory.pools.PS-Survivor-Space.init, value=5242880
type=GAUGE, name=jvm.memory.pools.PS-Survivor-Space.max, value=17825792
type=GAUGE, name=jvm.memory.pools.PS-Survivor-Space.usage, value=0.979407366584329
type=GAUGE, name=jvm.memory.pools.PS-Survivor-Space.used, value=17458712
type=GAUGE, name=jvm.memory.total.committed, value=454885376
type=GAUGE, name=jvm.memory.total.init, value=134676480
type=GAUGE, name=jvm.memory.total.max, value=1866465279
type=GAUGE, name=jvm.memory.total.used, value=229220112
type=GAUGE, name=jvm.thread-states.blocked.count, value=0
type=GAUGE, name=jvm.thread-states.count, value=34
type=GAUGE, name=jvm.thread-states.daemon.count, value=10
type=GAUGE, name=jvm.thread-states.deadlock.count, value=0
type=GAUGE, name=jvm.thread-states.deadlocks, value=[]
type=GAUGE, name=jvm.thread-states.new.count, value=0
type=GAUGE, name=jvm.thread-states.runnable.count, value=7
type=GAUGE, name=jvm.thread-states.terminated.count, value=0
type=GAUGE, name=jvm.thread-states.timed_waiting.count, value=22
type=GAUGE, name=jvm.thread-states.waiting.count, value=5
type=METER, name=org.jasig.cas.CentralAuthenticationServiceImpl.CREATE_TICKET_GRANTING_TICKET_METER, count=1, mean_rate=0.0, m1=0.0, m5=0.0, m15=0.0, rate_unit=events/millisecond
type=METER, name=org.jasig.cas.CentralAuthenticationServiceImpl.DESTROY_TICKET_GRANTING_TICKET_METER, count=0, mean_rate=0.0, m1=0.0, m5=0.0, m15=0.0, rate_unit=events/millisecond
type=METER, name=org.jasig.cas.CentralAuthenticationServiceImpl.GET_TICKETS_METER, count=1, mean_rate=0.0, m1=0.0, m5=0.0, m15=0.0, rate_unit=events/millisecond
type=METER, name=org.jasig.cas.CentralAuthenticationServiceImpl.GET_TICKET_METER, count=0, mean_rate=0.0, m1=0.0, m5=0.0, m15=0.0, rate_unit=events/millisecond
type=METER, name=org.jasig.cas.CentralAuthenticationServiceImpl.GRANT_PROXY_GRANTING_TICKET_METER, count=0, mean_rate=0.0, m1=0.0, m5=0.0, m15=0.0, rate_unit=events/millisecond
type=METER, name=org.jasig.cas.CentralAuthenticationServiceImpl.GRANT_SERVICE_TICKET_METER, count=0, mean_rate=0.0, m1=0.0, m5=0.0, m15=0.0, rate_unit=events/millisecond
type=METER, name=org.jasig.cas.CentralAuthenticationServiceImpl.VALIDATE_SERVICE_TICKET_METER, count=0, mean_rate=0.0, m1=0.0, m5=0.0, m15=0.0, rate_unit=events/millisecond
type=TIMER, name=org.jasig.cas.CentralAuthenticationServiceImpl.CREATE_TICKET_GRANTING_TICKET_TIMER, count=0, min=0.0, max=0.0, mean=0.0, stddev=0.0, median=0.0, p75=0.0, p95=0.0, p98=0.0, p99=0.0, p999=0.0, mean_rate=0.0, m1=0.0, m5=0.0, m15=0.0, rate_unit=events/millisecond, duration_unit=milliseconds
type=TIMER, name=org.jasig.cas.CentralAuthenticationServiceImpl.DESTROY_TICKET_GRANTING_TICKET_TIMER, count=0, min=0.0, max=0.0, mean=0.0, stddev=0.0, median=0.0, p75=0.0, p95=0.0, p98=0.0, p99=0.0, p999=0.0, mean_rate=0.0, m1=0.0, m5=0.0, m15=0.0, rate_unit=events/millisecond, duration_unit=milliseconds
type=TIMER, name=org.jasig.cas.CentralAuthenticationServiceImpl.GET_TICKETS_TIMER, count=1, min=0.14288199999999998, max=0.14288199999999998, mean=0.14288199999999998, stddev=0.0, median=0.14288199999999998, p75=0.14288199999999998, p95=0.14288199999999998, p98=0.14288199999999998, p99=0.14288199999999998, p999=0.14288199999999998, mean_rate=0.0, m1=0.0, m5=0.0, m15=0.0, rate_unit=events/millisecond, duration_unit=milliseconds
type=TIMER, name=org.jasig.cas.CentralAuthenticationServiceImpl.GET_TICKET_TIMER, count=0, min=0.0, max=0.0, mean=0.0, stddev=0.0, median=0.0, p75=0.0, p95=0.0, p98=0.0, p99=0.0, p999=0.0, mean_rate=0.0, m1=0.0, m5=0.0, m15=0.0, rate_unit=events/millisecond, duration_unit=milliseconds
type=TIMER, name=org.jasig.cas.CentralAuthenticationServiceImpl.GRANT_PROXY_GRANTING_TICKET_TIMER, count=0, min=0.0, max=0.0, mean=0.0, stddev=0.0, median=0.0, p75=0.0, p95=0.0, p98=0.0, p99=0.0, p999=0.0, mean_rate=0.0, m1=0.0, m5=0.0, m15=0.0, rate_unit=events/millisecond, duration_unit=milliseconds
type=TIMER, name=org.jasig.cas.CentralAuthenticationServiceImpl.GRANT_SERVICE_TICKET_TIMER, count=0, min=0.0, max=0.0, mean=0.0, stddev=0.0, median=0.0, p75=0.0, p95=0.0, p98=0.0, p99=0.0, p999=0.0, mean_rate=0.0, m1=0.0, m5=0.0, m15=0.0, rate_unit=events/millisecond, duration_unit=milliseconds
type=TIMER, name=org.jasig.cas.CentralAuthenticationServiceImpl.VALIDATE_SERVICE_TICKET_TIMER, count=0, min=0.0, max=0.0, mean=0.0, stddev=0.0, median=0.0, p75=0.0, p95=0.0, p98=0.0, p99=0.0, p999=0.0, mean_rate=0.0, m1=0.0, m5=0.0, m15=0.0, rate_unit=events/millisecond, duration_unit=milliseconds
